[2026-04-21 14:26:42] SVR Model and Analysis
============================================================
[2026-04-21 14:26:42]   Preprocessor class
============================================================
[2026-04-21 14:26:42] Dataset X and y shapes before preprocessing: X=221, y=221
[2026-04-21 14:26:42] Columns to drop: ['None']
[2026-04-21 14:26:43] name: AirData
[2026-04-21 14:26:43] remove_outliers: True
[2026-04-21 14:26:43] Dataset X and y shapes after preprocessing: X=210, y_log=210
============================================================
[2026-04-21 14:26:43]   Model section
============================================================
[2026-04-21 14:26:43] Performing 5-fold cross-validation
[2026-04-21 14:26:48] Best hyperparameters from grid search: {'C': 1, 'epsilon': 0.1, 'gamma': 'auto', 'kernel': 'rbf'}
[2026-04-21 14:26:48] 
5-Fold Cross-Validation Results:
[2026-04-21 14:26:48]   R² (CV): 0.7948 (+/- 0.0550)
[2026-04-21 14:26:48]   MSE (CV): 0.1047 (+/- 0.0363)
[2026-04-21 14:26:48]   MAE (CV): 0.2309 (+/- 0.0290)
[2026-04-21 14:26:48] 
============================================================
[2026-04-21 14:26:48] FINAL RESULTS SUMMARY
[2026-04-21 14:26:48] ============================================================
[2026-04-21 14:26:48] Test size: 0.25
[2026-04-21 14:26:48] SVR hyperparameters: {'C': 1, 'epsilon': 0.1, 'gamma': 'auto', 'kernel': 'rbf'}
[2026-04-21 14:26:48] 
Cross-validation performance (5 folds):
[2026-04-21 14:26:48]   R² (CV): 0.7948 (+/- 0.0550)
[2026-04-21 14:26:48] 
Held-out test set performance:
[2026-04-21 14:26:48] {'R2': 0.5635444807908534, 'MAE': 316.0324972687538, 'MSE': 330571.45046807255, 'RMSE': 574.9534333040134, 'Explained Variance': 0.6002125642536478}
[2026-04-21 14:26:48] ============================================================
============================================================
[2026-04-21 14:26:48]   Model Analysis
============================================================
[2026-04-21 14:26:50] Feature importance plot saved to /Users/a/dev/WP3biodegradability/t_half/logs/sediment_vega/20260421_142642/feature_importance_sediment.png
[2026-04-21 14:26:50] Residuals vs Predicted: no significant monotonic trend (rho=0.22, p=0.119)
[2026-04-21 14:26:50] Residuals vs Predicted plot saved to /Users/a/dev/WP3biodegradability/t_half/logs/sediment_vega/20260421_142642/residuals/residuals_vs_pred_sediment.png
[2026-04-21 14:26:50] Q-Q plot of residuals saved to /Users/a/dev/WP3biodegradability/t_half/logs/sediment_vega/20260421_142642/residuals/qqplot_residuals_sediment.png
[2026-04-21 14:26:50] Residual histogram plot saved to /Users/a/dev/WP3biodegradability/t_half/logs/sediment_vega/20260421_142642/residuals/residual_hist_sediment.png
[2026-04-21 14:26:50]   fr_aldehyde: no significant monotonic trend (rho=-0.23, p=0.103); homoscedastic (Levene p=nan)
[2026-04-21 14:26:50]   Plot saved: /Users/a/dev/WP3biodegradability/t_half/logs/sediment_vega/20260421_142642/residuals/residuals_vs_fr_aldehyde_sediment.png
[2026-04-21 14:26:50]   MinPartialCharge: no significant monotonic trend (rho=0.26, p=0.060); homoscedastic (Levene p=0.934)
[2026-04-21 14:26:50]   Plot saved: /Users/a/dev/WP3biodegradability/t_half/logs/sediment_vega/20260421_142642/residuals/residuals_vs_MinPartialCharge_sediment.png
[2026-04-21 14:26:50]   VSA_EState3: no significant monotonic trend (rho=-0.18, p=0.205); heteroscedastic (Levene p=0.031)
[2026-04-21 14:26:50]   Plot saved: /Users/a/dev/WP3biodegradability/t_half/logs/sediment_vega/20260421_142642/residuals/residuals_vs_VSA_EState3_sediment.png
[2026-04-21 14:26:50]   TPSA: no significant monotonic trend (rho=-0.28, p=0.045); heteroscedastic (Levene p=0.048)
[2026-04-21 14:26:50]   Plot saved: /Users/a/dev/WP3biodegradability/t_half/logs/sediment_vega/20260421_142642/residuals/residuals_vs_TPSA_sediment.png
[2026-04-21 14:26:50]   BCUT2D_MRLOW: no significant monotonic trend (rho=0.26, p=0.064); homoscedastic (Levene p=0.689)
[2026-04-21 14:26:50]   Plot saved: /Users/a/dev/WP3biodegradability/t_half/logs/sediment_vega/20260421_142642/residuals/residuals_vs_BCUT2D_MRLOW_sediment.png
[2026-04-21 14:26:50]   MaxEStateIndex: no significant monotonic trend (rho=-0.14, p=0.318); homoscedastic (Levene p=0.832)
[2026-04-21 14:26:50]   Plot saved: /Users/a/dev/WP3biodegradability/t_half/logs/sediment_vega/20260421_142642/residuals/residuals_vs_MaxEStateIndex_sediment.png
[2026-04-21 14:26:50]   fr_allylic_oxid: no significant monotonic trend (rho=-0.13, p=0.353); homoscedastic (Levene p=0.120)
[2026-04-21 14:26:50]   Plot saved: /Users/a/dev/WP3biodegradability/t_half/logs/sediment_vega/20260421_142642/residuals/residuals_vs_fr_allylic_oxid_sediment.png
[2026-04-21 14:26:50]   PEOE_VSA1: no significant monotonic trend (rho=-0.28, p=0.043); heteroscedastic (Levene p=0.012)
[2026-04-21 14:26:50]   Plot saved: /Users/a/dev/WP3biodegradability/t_half/logs/sediment_vega/20260421_142642/residuals/residuals_vs_PEOE_VSA1_sediment.png
[2026-04-21 14:26:50]   BCUT2D_MWHI: no significant monotonic trend (rho=0.18, p=0.196); homoscedastic (Levene p=0.105)
[2026-04-21 14:26:50]   Plot saved: /Users/a/dev/WP3biodegradability/t_half/logs/sediment_vega/20260421_142642/residuals/residuals_vs_BCUT2D_MWHI_sediment.png
[2026-04-21 14:26:50]   NHOHCount: no significant monotonic trend (rho=-0.24, p=0.078); heteroscedastic (Levene p=0.040)
[2026-04-21 14:26:50]   Plot saved: /Users/a/dev/WP3biodegradability/t_half/logs/sediment_vega/20260421_142642/residuals/residuals_vs_NHOHCount_sediment.png
[2026-04-21 14:26:50] 
[2026-04-21 14:26:50] Feature Reduction Recommendations (top-10 permutation features):
[2026-04-21 14:26:50] ----------------------------------------------------------------------
[2026-04-21 14:26:50]   fr_aldehyde: OK — no systematic trend or heteroscedasticity detected; retain as-is.
[2026-04-21 14:26:50]   MinPartialCharge: OK — no systematic trend or heteroscedasticity detected; retain as-is.
[2026-04-21 14:26:50]   VSA_EState3: HETEROSCEDASTIC (Levene p=0.031) — error variance changes across feature range; consider robust scaling or binning.
[2026-04-21 14:26:50]   TPSA: HETEROSCEDASTIC (Levene p=0.048) — error variance changes across feature range; consider robust scaling or binning.
[2026-04-21 14:26:50]   BCUT2D_MRLOW: OK — no systematic trend or heteroscedasticity detected; retain as-is.
[2026-04-21 14:26:50]   MaxEStateIndex: OK — no systematic trend or heteroscedasticity detected; retain as-is.
[2026-04-21 14:26:50]   fr_allylic_oxid: OK — no systematic trend or heteroscedasticity detected; retain as-is.
[2026-04-21 14:26:50]   PEOE_VSA1: HETEROSCEDASTIC (Levene p=0.012) — error variance changes across feature range; consider robust scaling or binning.
[2026-04-21 14:26:50]   BCUT2D_MWHI: OK — no systematic trend or heteroscedasticity detected; retain as-is.
[2026-04-21 14:26:50]   NHOHCount: HETEROSCEDASTIC (Levene p=0.040) — error variance changes across feature range; consider robust scaling or binning.
[2026-04-21 14:26:50] 
[2026-04-21 14:26:50] 
[2026-04-21 14:26:50] PCA dimensionality estimate: 34 components explain ≥95% variance (out of 188 features).
[2026-04-21 14:26:50] PCA dimensionality estimate: 55 components explain ≥99% variance (out of 188 features).
============================================================
[2026-04-21 14:26:50]   Feature Reduction — Strategy Comparison
============================================================
[2026-04-21 14:26:50] Baseline (full feature set, 188 features): R²=0.8184  RMSE=0.2861  MAE=0.2041
[2026-04-21 14:26:50] ----------------------------------------------------------------------
[2026-04-21 14:26:50] Strategy A  top-SVR (importance>0):
  Features selected (131): ['fr_aldehyde', 'MinPartialCharge', 'VSA_EState3', 'TPSA', 'BCUT2D_MRLOW', 'MaxEStateIndex', 'fr_allylic_oxid', 'PEOE_VSA1', 'BCUT2D_MWHI', 'NHOHCount', 'VSA_EState7', 'fr_nitro_arom', 'SMR_VSA1', 'NumHAcceptors', 'NumSaturatedCarbocycles', 'PEOE_VSA10', 'fr_alkyl_halide', 'SlogP_VSA8', 'SlogP_VSA4', 'MolLogP', 'NumAromaticCarbocycles', 'SMR_VSA10', 'PEOE_VSA13', 'Kappa3', 'fr_Al_COO', 'SlogP_VSA12', 'HallKierAlpha', 'MACCS_164', 'fr_nitro', 'fr_nitro_arom_nonortho', 'fr_para_hydroxylation', 'fr_COO', 'fr_Ar_COO', 'MACCS_103', 'fr_C_O', 'BCUT2D_MRHI', 'MinAbsEStateIndex', 'PEOE_VSA8', 'SlogP_VSA5', 'MACCS_107', 'PEOE_VSA2', 'EState_VSA10', 'EState_VSA8', 'NumAliphaticCarbocycles', 'RingCount', 'SlogP_VSA7', 'fr_furan', 'BalabanJ', 'fr_NH0', 'PEOE_VSA5', 'MACCS_157', 'FractionCSP3', 'PEOE_VSA7', 'fr_ketone', 'BertzCT', 'VSA_EState2', 'fr_aryl_methyl', 'NumRotatableBonds', 'SMR_VSA7', 'BCUT2D_LOGPHI', 'PEOE_VSA4', 'fr_C_O_noCOO', 'Chi3n', 'MACCS_139', 'EState_VSA5', 'NumAromaticHeterocycles', 'MolWt', 'Chi0n', 'MinAbsPartialCharge', 'NumAliphaticRings', 'Chi2v', 'fr_unbrch_alkane', 'NumAliphaticHeterocycles', 'MACCS_087', 'SlogP_VSA6', 'SMR_VSA5', 'EState_VSA3', 'NumValenceElectrons', 'MACCS_099', 'BCUT2D_MWLOW', 'PEOE_VSA6', 'SlogP_VSA1', 'VSA_EState4', 'MACCS_132', 'VSA_EState8', 'MACCS_125', 'VSA_EState5', 'MACCS_152', 'SlogP_VSA2', 'SMR_VSA9', 'MACCS_129', 'MACCS_128', 'BCUT2D_CHGHI', 'MACCS_104', 'MACCS_034', 'MACCS_160', 'BCUT2D_CHGLO', 'MACCS_119', 'MACCS_071', 'fr_amide', 'MACCS_127', 'Ipc', 'MACCS_124', 'MACCS_122', 'MACCS_063', 'MACCS_109', 'Kappa2', 'SlogP_VSA11', 'MACCS_108', 'EState_VSA4', 'MACCS_101', 'MACCS_090', 'MACCS_116', 'MACCS_133', 'MACCS_155', 'MACCS_076', 'MACCS_115', 'MACCS_024', 'MACCS_118', 'MACCS_156', 'MACCS_153', 'MACCS_142', 'Kappa1', 'MACCS_137', 'MACCS_074', 'MaxPartialCharge', 'MACCS_080', 'MACCS_141', 'MACCS_110', 'MACCS_023', 'MACCS_162']
  R²=0.8486 (Δ+0.0303)  RMSE=0.2612 (Δ-0.0249)  MAE=0.1855 (Δ-0.0187)
[2026-04-21 14:26:50] Strategy B  top-X (N=131):
  Features selected (131): ['fr_aldehyde', 'MinPartialCharge', 'VSA_EState3', 'TPSA', 'BCUT2D_MRLOW', 'MaxEStateIndex', 'fr_allylic_oxid', 'PEOE_VSA1', 'BCUT2D_MWHI', 'NHOHCount', 'VSA_EState7', 'fr_nitro_arom', 'SMR_VSA1', 'NumHAcceptors', 'NumSaturatedCarbocycles', 'PEOE_VSA10', 'fr_alkyl_halide', 'SlogP_VSA8', 'SlogP_VSA4', 'MolLogP', 'NumAromaticCarbocycles', 'SMR_VSA10', 'PEOE_VSA13', 'Kappa3', 'fr_Al_COO', 'SlogP_VSA12', 'HallKierAlpha', 'MACCS_164', 'fr_nitro', 'fr_nitro_arom_nonortho', 'fr_para_hydroxylation', 'fr_COO', 'fr_Ar_COO', 'MACCS_103', 'fr_C_O', 'BCUT2D_MRHI', 'MinAbsEStateIndex', 'PEOE_VSA8', 'SlogP_VSA5', 'MACCS_107', 'PEOE_VSA2', 'EState_VSA10', 'EState_VSA8', 'NumAliphaticCarbocycles', 'RingCount', 'SlogP_VSA7', 'fr_furan', 'BalabanJ', 'fr_NH0', 'PEOE_VSA5', 'MACCS_157', 'FractionCSP3', 'PEOE_VSA7', 'fr_ketone', 'BertzCT', 'VSA_EState2', 'fr_aryl_methyl', 'NumRotatableBonds', 'SMR_VSA7', 'BCUT2D_LOGPHI', 'PEOE_VSA4', 'fr_C_O_noCOO', 'Chi3n', 'MACCS_139', 'EState_VSA5', 'NumAromaticHeterocycles', 'MolWt', 'Chi0n', 'MinAbsPartialCharge', 'NumAliphaticRings', 'Chi2v', 'fr_unbrch_alkane', 'NumAliphaticHeterocycles', 'MACCS_087', 'SlogP_VSA6', 'SMR_VSA5', 'EState_VSA3', 'NumValenceElectrons', 'MACCS_099', 'BCUT2D_MWLOW', 'PEOE_VSA6', 'SlogP_VSA1', 'VSA_EState4', 'MACCS_132', 'VSA_EState8', 'MACCS_125', 'VSA_EState5', 'MACCS_152', 'SlogP_VSA2', 'SMR_VSA9', 'MACCS_129', 'MACCS_128', 'BCUT2D_CHGHI', 'MACCS_104', 'MACCS_034', 'MACCS_160', 'BCUT2D_CHGLO', 'MACCS_119', 'MACCS_071', 'fr_amide', 'MACCS_127', 'Ipc', 'MACCS_124', 'MACCS_122', 'MACCS_063', 'MACCS_109', 'Kappa2', 'SlogP_VSA11', 'MACCS_108', 'EState_VSA4', 'MACCS_101', 'MACCS_090', 'MACCS_116', 'MACCS_133', 'MACCS_155', 'MACCS_076', 'MACCS_115', 'MACCS_024', 'MACCS_118', 'MACCS_156', 'MACCS_153', 'MACCS_142', 'Kappa1', 'MACCS_137', 'MACCS_074', 'MaxPartialCharge', 'MACCS_080', 'MACCS_141', 'MACCS_110', 'MACCS_023', 'MACCS_162']
  R²=0.8486 (Δ+0.0303)  RMSE=0.2612 (Δ-0.0249)  MAE=0.1855 (Δ-0.0187)
[2026-04-21 14:26:50] Strategy C  top-N pca99 (N=55):
  Features selected (55): ['fr_aldehyde', 'MinPartialCharge', 'VSA_EState3', 'TPSA', 'BCUT2D_MRLOW', 'MaxEStateIndex', 'fr_allylic_oxid', 'PEOE_VSA1', 'BCUT2D_MWHI', 'NHOHCount', 'VSA_EState7', 'fr_nitro_arom', 'SMR_VSA1', 'NumHAcceptors', 'NumSaturatedCarbocycles', 'PEOE_VSA10', 'fr_alkyl_halide', 'SlogP_VSA8', 'SlogP_VSA4', 'MolLogP', 'NumAromaticCarbocycles', 'SMR_VSA10', 'PEOE_VSA13', 'Kappa3', 'fr_Al_COO', 'SlogP_VSA12', 'HallKierAlpha', 'MACCS_164', 'fr_nitro', 'fr_nitro_arom_nonortho', 'fr_para_hydroxylation', 'fr_COO', 'fr_Ar_COO', 'MACCS_103', 'fr_C_O', 'BCUT2D_MRHI', 'MinAbsEStateIndex', 'PEOE_VSA8', 'SlogP_VSA5', 'MACCS_107', 'PEOE_VSA2', 'EState_VSA10', 'EState_VSA8', 'NumAliphaticCarbocycles', 'RingCount', 'SlogP_VSA7', 'fr_furan', 'BalabanJ', 'fr_NH0', 'PEOE_VSA5', 'MACCS_157', 'FractionCSP3', 'PEOE_VSA7', 'fr_ketone', 'BertzCT']
  R²=0.8158 (Δ-0.0026)  RMSE=0.2882 (Δ+0.0020)  MAE=0.2082 (Δ+0.0040)
[2026-04-21 14:26:50] 
[2026-04-21 14:26:50] Strategy D  RFE (LinearSVR selector → RBF SVR evaluator):
[2026-04-21 14:27:09]   RFE selector: LinearSVR, n_features_to_select=131
  Features selected (131): ['MaxEStateIndex', 'MinEStateIndex', 'MinAbsEStateIndex', 'qed', 'MaxPartialCharge', 'MinPartialCharge', 'MinAbsPartialCharge', 'BCUT2D_MWHI', 'BCUT2D_MWLOW', 'BCUT2D_CHGLO', 'BCUT2D_LOGPHI', 'BCUT2D_MRHI', 'BalabanJ', 'BertzCT', 'Chi2v', 'Chi3n', 'Chi3v', 'Ipc', 'Kappa3', 'PEOE_VSA1', 'PEOE_VSA10', 'PEOE_VSA11', 'PEOE_VSA14', 'PEOE_VSA2', 'PEOE_VSA3', 'PEOE_VSA4', 'PEOE_VSA5', 'PEOE_VSA6', 'PEOE_VSA7', 'PEOE_VSA8', 'SMR_VSA1', 'SMR_VSA10', 'SMR_VSA4', 'SMR_VSA9', 'SlogP_VSA12', 'SlogP_VSA3', 'SlogP_VSA4', 'SlogP_VSA5', 'SlogP_VSA6', 'TPSA', 'EState_VSA1', 'EState_VSA10', 'EState_VSA2', 'EState_VSA5', 'EState_VSA7', 'EState_VSA8', 'VSA_EState2', 'VSA_EState3', 'VSA_EState4', 'VSA_EState5', 'VSA_EState7', 'VSA_EState8', 'VSA_EState9', 'NHOHCount', 'NumAliphaticHeterocycles', 'NumAliphaticRings', 'NumAromaticCarbocycles', 'NumAromaticHeterocycles', 'NumHeteroatoms', 'NumRotatableBonds', 'RingCount', 'fr_Ar_N', 'fr_COO', 'fr_C_O', 'fr_C_O_noCOO', 'fr_aldehyde', 'fr_aniline', 'fr_bicyclic', 'fr_ether', 'fr_furan', 'fr_ketone', 'fr_methoxy', 'fr_nitro', 'fr_nitro_arom', 'fr_nitro_arom_nonortho', 'fr_para_hydroxylation', 'fr_unbrch_alkane', 'MACCS_023', 'MACCS_034', 'MACCS_050', 'MACCS_062', 'MACCS_066', 'MACCS_071', 'MACCS_072', 'MACCS_083', 'MACCS_087', 'MACCS_093', 'MACCS_096', 'MACCS_098', 'MACCS_099', 'MACCS_104', 'MACCS_106', 'MACCS_107', 'MACCS_108', 'MACCS_109', 'MACCS_110', 'MACCS_112', 'MACCS_113', 'MACCS_114', 'MACCS_115', 'MACCS_116', 'MACCS_118', 'MACCS_119', 'MACCS_123', 'MACCS_125', 'MACCS_128', 'MACCS_129', 'MACCS_131', 'MACCS_132', 'MACCS_133', 'MACCS_136', 'MACCS_137', 'MACCS_138', 'MACCS_139', 'MACCS_140', 'MACCS_142', 'MACCS_144', 'MACCS_146', 'MACCS_149', 'MACCS_150', 'MACCS_151', 'MACCS_153', 'MACCS_155', 'MACCS_156', 'MACCS_157', 'MACCS_159', 'MACCS_160', 'MACCS_162', 'MACCS_163', 'MACCS_164', 'MACCS_165']
  R²=0.7974 (Δ-0.0210)  RMSE=0.3022 (Δ+0.0161)  MAE=0.2206 (Δ+0.0165)
[2026-04-21 14:27:09] 
[2026-04-21 14:27:09] Summary (sorted by R², descending):
[2026-04-21 14:27:09]   Strategy                            N feats       R²     RMSE      MAE
[2026-04-21 14:27:09]   Baseline (all features)                 188   0.8184   0.2861   0.2041
[2026-04-21 14:27:09]   A  top-SVR (importance>0)               131   0.8486   0.2612   0.1855
[2026-04-21 14:27:09]   B  top-X (N=131)                        131   0.8486   0.2612   0.1855
[2026-04-21 14:27:09]   C  top-N pca99 (N=55)                    55   0.8158   0.2882   0.2082
[2026-04-21 14:27:09]   D  RFE (LinearSVR→RBF)                  131   0.7974   0.3022   0.2206
[2026-04-21 14:27:09] 
[2026-04-21 14:27:09] Winner: A  top-SVR (importance>0)  (N=131, R²=0.8486, RMSE=0.2612, MAE=0.1855)
============================================================
[2026-04-21 14:27:09]   Feature Reduction — Final Model
============================================================
[2026-04-21 14:27:09] 
5-Fold Cross-Validation Results:
[2026-04-21 14:27:09]   R² (CV): 0.7903 (+/- 0.0556)
[2026-04-21 14:27:09]   MSE (CV): 0.1068 (+/- 0.0365)
[2026-04-21 14:27:09]   MAE (CV): 0.2294 (+/- 0.0264)
[2026-04-21 14:27:09] Final model CV (5-fold on training set, reduced features):
  R² (CV): 0.7903 (+/- 0.0556)
  RMSE (log10, CV): 0.3268 (+/- 0.1910)
  MAE (CV): 0.2294
[2026-04-21 14:27:09] Final model test set:
  RMSE (log10): 0.2612  MAE (log10): 0.1855
  RMSE (days):  550.37   MAE (days):  301.22
[2026-04-21 14:27:09] Model saved to /Users/a/dev/WP3biodegradability/t_half/models/SVR_sediment_vega_20260421_142709.joblib
[2026-04-21 14:27:09] Parameters saved to /Users/a/dev/WP3biodegradability/t_half/models/SVR_sediment_vega_20260421_142709.json
[2026-04-21 14:27:09] 
Learning Curve Analysis
[2026-04-21 14:27:09] Training sizes evaluated: [16, 33, 50, 67, 84, 100, 117, 134, 151, 168]
[2026-04-21 14:27:09] Final performance with 168 training samples:
[2026-04-21 14:27:09]   Training R²: 0.9439 (+/- 0.0128)
[2026-04-21 14:27:09]   Validation R²: -6.0939 (+/- 6.3270)
[2026-04-21 14:27:09] Interpretation: Curves are still improving - more data may help
[2026-04-21 14:27:09] Learning curve plot saved to /Users/a/dev/WP3biodegradability/t_half/logs/sediment_vega/20260421_142642/learning_curve_sediment.png
[2026-04-21 14:27:09] Overfitting gap plot saved to /Users/a/dev/WP3biodegradability/t_half/logs/sediment_vega/20260421_142642/overfitting_gap_sediment.png
[2026-04-21 14:27:09] True vs Predicted plot saved to /Users/a/dev/WP3biodegradability/t_half/logs/sediment_vega/20260421_142642/true_vs_pred_sediment.png
[2026-04-21 14:27:09] True vs Predicted (≤100) plot saved to /Users/a/dev/WP3biodegradability/t_half/logs/sediment_vega/20260421_142642/true_vs_pred_100_sediment.png
[2026-04-21 14:27:10] Feature importance plot saved to /Users/a/dev/WP3biodegradability/t_half/logs/sediment_vega/20260421_142642/feature_importance_sediment_reduced.png
[2026-04-21 14:27:10] Residuals vs Predicted: no significant monotonic trend (rho=0.20, p=0.159)
[2026-04-21 14:27:10] Residuals vs Predicted plot saved to /Users/a/dev/WP3biodegradability/t_half/logs/sediment_vega/20260421_142642/residuals/residuals_vs_pred_sediment_reduced.png
[2026-04-21 14:27:10] Q-Q plot of residuals saved to /Users/a/dev/WP3biodegradability/t_half/logs/sediment_vega/20260421_142642/residuals/qqplot_residuals_sediment_reduced.png
[2026-04-21 14:27:10] Residual histogram plot saved to /Users/a/dev/WP3biodegradability/t_half/logs/sediment_vega/20260421_142642/residuals/residual_hist_sediment_reduced.png
[2026-04-21 14:27:10]   fr_aldehyde: no significant monotonic trend (rho=-0.23, p=0.103); homoscedastic (Levene p=nan)
[2026-04-21 14:27:10]   Plot saved: /Users/a/dev/WP3biodegradability/t_half/logs/sediment_vega/20260421_142642/residuals/residuals_vs_fr_aldehyde_sediment_reduced.png
[2026-04-21 14:27:10]   MinPartialCharge: no significant monotonic trend (rho=0.26, p=0.057); homoscedastic (Levene p=0.985)
[2026-04-21 14:27:10]   Plot saved: /Users/a/dev/WP3biodegradability/t_half/logs/sediment_vega/20260421_142642/residuals/residuals_vs_MinPartialCharge_sediment_reduced.png
[2026-04-21 14:27:10]   VSA_EState3: no significant monotonic trend (rho=-0.20, p=0.151); heteroscedastic (Levene p=0.043)
[2026-04-21 14:27:10]   Plot saved: /Users/a/dev/WP3biodegradability/t_half/logs/sediment_vega/20260421_142642/residuals/residuals_vs_VSA_EState3_sediment_reduced.png
[2026-04-21 14:27:10]   fr_allylic_oxid: no significant monotonic trend (rho=-0.13, p=0.338); homoscedastic (Levene p=0.108)
[2026-04-21 14:27:10]   Plot saved: /Users/a/dev/WP3biodegradability/t_half/logs/sediment_vega/20260421_142642/residuals/residuals_vs_fr_allylic_oxid_sediment_reduced.png
[2026-04-21 14:27:10]   TPSA: no significant monotonic trend (rho=-0.27, p=0.052); homoscedastic (Levene p=0.102)
[2026-04-21 14:27:10]   Plot saved: /Users/a/dev/WP3biodegradability/t_half/logs/sediment_vega/20260421_142642/residuals/residuals_vs_TPSA_sediment_reduced.png
[2026-04-21 14:27:10]   MaxEStateIndex: no significant monotonic trend (rho=-0.10, p=0.466); homoscedastic (Levene p=0.807)
[2026-04-21 14:27:10]   Plot saved: /Users/a/dev/WP3biodegradability/t_half/logs/sediment_vega/20260421_142642/residuals/residuals_vs_MaxEStateIndex_sediment_reduced.png
[2026-04-21 14:27:10]   fr_nitro_arom: no significant monotonic trend (rho=0.04, p=0.791); homoscedastic (Levene p=0.372)
[2026-04-21 14:27:10]   Plot saved: /Users/a/dev/WP3biodegradability/t_half/logs/sediment_vega/20260421_142642/residuals/residuals_vs_fr_nitro_arom_sediment_reduced.png
[2026-04-21 14:27:10]   VSA_EState7: no significant monotonic trend (rho=-0.15, p=0.279); homoscedastic (Levene p=0.371)
[2026-04-21 14:27:10]   Plot saved: /Users/a/dev/WP3biodegradability/t_half/logs/sediment_vega/20260421_142642/residuals/residuals_vs_VSA_EState7_sediment_reduced.png
[2026-04-21 14:27:10]   PEOE_VSA1: no significant monotonic trend (rho=-0.25, p=0.068); heteroscedastic (Levene p=0.018)
[2026-04-21 14:27:11]   Plot saved: /Users/a/dev/WP3biodegradability/t_half/logs/sediment_vega/20260421_142642/residuals/residuals_vs_PEOE_VSA1_sediment_reduced.png
[2026-04-21 14:27:11]   NHOHCount: no significant monotonic trend (rho=-0.27, p=0.050); heteroscedastic (Levene p=0.030)
[2026-04-21 14:27:11]   Plot saved: /Users/a/dev/WP3biodegradability/t_half/logs/sediment_vega/20260421_142642/residuals/residuals_vs_NHOHCount_sediment_reduced.png
[2026-04-21 14:27:11] 
[2026-04-21 14:27:11] Feature Reduction Recommendations (top-10 permutation features):
[2026-04-21 14:27:11] ----------------------------------------------------------------------
[2026-04-21 14:27:11]   fr_aldehyde: OK — no systematic trend or heteroscedasticity detected; retain as-is.
[2026-04-21 14:27:11]   MinPartialCharge: OK — no systematic trend or heteroscedasticity detected; retain as-is.
[2026-04-21 14:27:11]   VSA_EState3: HETEROSCEDASTIC (Levene p=0.043) — error variance changes across feature range; consider robust scaling or binning.
[2026-04-21 14:27:11]   fr_allylic_oxid: OK — no systematic trend or heteroscedasticity detected; retain as-is.
[2026-04-21 14:27:11]   TPSA: OK — no systematic trend or heteroscedasticity detected; retain as-is.
[2026-04-21 14:27:11]   MaxEStateIndex: OK — no systematic trend or heteroscedasticity detected; retain as-is.
[2026-04-21 14:27:11]   fr_nitro_arom: OK — no systematic trend or heteroscedasticity detected; retain as-is.
[2026-04-21 14:27:11]   VSA_EState7: OK — no systematic trend or heteroscedasticity detected; retain as-is.
[2026-04-21 14:27:11]   PEOE_VSA1: HETEROSCEDASTIC (Levene p=0.018) — error variance changes across feature range; consider robust scaling or binning.
[2026-04-21 14:27:11]   NHOHCount: HETEROSCEDASTIC (Levene p=0.030) — error variance changes across feature range; consider robust scaling or binning.
[2026-04-21 14:27:11] 
[2026-04-21 14:27:11] 
[2026-04-21 14:27:11] PCA dimensionality estimate: 30 components explain ≥95% variance (out of 131 features).
[2026-04-21 14:27:11] PCA dimensionality estimate: 48 components explain ≥99% variance (out of 131 features).
[2026-04-21 14:27:11] Test coverage inside training bounding box: 98.1%
[2026-04-21 14:27:11] PCA explained variance: PC1=0.157, PC2=0.139
============================================================
[2026-04-21 14:27:11]   Applicability Domain Analysis
============================================================
[2026-04-21 14:27:11] h* threshold : 2.5032
[2026-04-21 14:27:11] Train inside AD : 98.1%
[2026-04-21 14:27:11] Test  inside AD : 43.4%
[2026-04-21 14:27:11] AD-outside test compounds (n=30)
[2026-04-21 14:27:11] Butina clusters: 29, singletons: 28 (93.3%)
============================================================
[2026-04-21 14:27:11]   Chemical Structure Analysis (Sections 1-4)
============================================================
[2026-04-21 14:27:11] Section 1: Scaffold Analysis
[2026-04-21 14:27:11]   Total scaffolds: 17
[2026-04-21 14:27:11]   Singletons: 11
[2026-04-21 14:27:11]   Top scaffold coverage: 35.9%
[2026-04-21 14:27:11]   Dominance flag: False
[2026-04-21 14:27:11]   Scaffolds for 90% coverage: 12
[2026-04-21 14:27:11] Section 2: Substituent Analysis
[2026-04-21 14:27:11]   Error: No R-groups identified
[2026-04-21 14:27:11] Section 3: Fragment Analysis
[2026-04-21 14:27:11]   Total fragments: 80
[2026-04-21 14:27:11]   Unique fragments: 59
[2026-04-21 14:27:11]   Outlier fragments: 1
[2026-04-21 14:27:11] Section 4: Chemistry Consistency Check
[2026-04-21 14:27:11]   Descriptor map entries: 20
[2026-04-21 14:27:11]   Motifs analyzed: 4
[2026-04-21 14:27:11]   Scaffold-driven AD violations: True
[2026-04-21 14:27:11] Chemistry analysis complete. Output: /Users/a/dev/WP3biodegradability/t_half/logs/sediment_vega/20260421_142642/chemistry_analysis
