[2026-04-21 14:27:13] SVR Model and Analysis
============================================================
[2026-04-21 14:27:13]   Preprocessor class
============================================================
[2026-04-21 14:27:13] Dataset X and y shapes before preprocessing: X=743, y=743
[2026-04-21 14:27:13] Columns to drop: ['None']
[2026-04-21 14:27:13] name: AirData
[2026-04-21 14:27:13] remove_outliers: True
[2026-04-21 14:27:13] Dataset X and y shapes after preprocessing: X=697, y_log=697
============================================================
[2026-04-21 14:27:13]   Model section
============================================================
[2026-04-21 14:27:13] Performing 5-fold cross-validation
[2026-04-21 14:30:01] Best hyperparameters from grid search: {'C': 1, 'epsilon': 0.1, 'gamma': 'scale', 'kernel': 'rbf'}
[2026-04-21 14:30:01] 
5-Fold Cross-Validation Results:
[2026-04-21 14:30:01]   R² (CV): 0.5500 (+/- 0.0710)
[2026-04-21 14:30:01]   MSE (CV): 0.3359 (+/- 0.0889)
[2026-04-21 14:30:01]   MAE (CV): 0.4006 (+/- 0.0535)
[2026-04-21 14:30:01] 
============================================================
[2026-04-21 14:30:01] FINAL RESULTS SUMMARY
[2026-04-21 14:30:01] ============================================================
[2026-04-21 14:30:01] Test size: 0.25
[2026-04-21 14:30:01] SVR hyperparameters: {'C': 1, 'epsilon': 0.1, 'gamma': 'scale', 'kernel': 'rbf'}
[2026-04-21 14:30:01] 
Cross-validation performance (5 folds):
[2026-04-21 14:30:01]   R² (CV): 0.5500 (+/- 0.0710)
[2026-04-21 14:30:01] 
Held-out test set performance:
[2026-04-21 14:30:01] {'R2': 0.5053560013953238, 'MAE': 55.69859413141279, 'MSE': 61754.40727211534, 'RMSE': 248.50434054984905, 'Explained Variance': 0.5194182069152583}
[2026-04-21 14:30:01] ============================================================
============================================================
[2026-04-21 14:30:01]   Model Analysis
============================================================
[2026-04-21 14:30:15] Feature importance plot saved to /Users/a/dev/WP3biodegradability/t_half/logs/water_combined/20260421_142713/feature_importance_water.png
[2026-04-21 14:30:15] Residuals vs Predicted: no significant monotonic trend (rho=-0.07, p=0.385)
[2026-04-21 14:30:15] Residuals vs Predicted plot saved to /Users/a/dev/WP3biodegradability/t_half/logs/water_combined/20260421_142713/residuals/residuals_vs_pred_water.png
[2026-04-21 14:30:15] Q-Q plot of residuals saved to /Users/a/dev/WP3biodegradability/t_half/logs/water_combined/20260421_142713/residuals/qqplot_residuals_water.png
[2026-04-21 14:30:15] Residual histogram plot saved to /Users/a/dev/WP3biodegradability/t_half/logs/water_combined/20260421_142713/residuals/residual_hist_water.png
[2026-04-21 14:30:15]   fr_Imine: no significant monotonic trend (rho=0.22, p=0.003); homoscedastic (Levene p=0.385)
[2026-04-21 14:30:15]   Plot saved: /Users/a/dev/WP3biodegradability/t_half/logs/water_combined/20260421_142713/residuals/residuals_vs_fr_Imine_water.png
[2026-04-21 14:30:15]   fr_Ar_COO: no significant monotonic trend (rho=-0.05, p=0.484); homoscedastic (Levene p=0.531)
[2026-04-21 14:30:15]   Plot saved: /Users/a/dev/WP3biodegradability/t_half/logs/water_combined/20260421_142713/residuals/residuals_vs_fr_Ar_COO_water.png
[2026-04-21 14:30:15]   fr_aryl_methyl: no significant monotonic trend (rho=-0.07, p=0.349); homoscedastic (Levene p=0.467)
[2026-04-21 14:30:15]   Plot saved: /Users/a/dev/WP3biodegradability/t_half/logs/water_combined/20260421_142713/residuals/residuals_vs_fr_aryl_methyl_water.png
[2026-04-21 14:30:15]   BCUT2D_MWHI: no significant monotonic trend (rho=0.07, p=0.350); heteroscedastic (Levene p=0.001)
[2026-04-21 14:30:15]   Plot saved: /Users/a/dev/WP3biodegradability/t_half/logs/water_combined/20260421_142713/residuals/residuals_vs_BCUT2D_MWHI_water.png
[2026-04-21 14:30:15]   PEOE_VSA8: no significant monotonic trend (rho=0.19, p=0.011); heteroscedastic (Levene p=0.001)
[2026-04-21 14:30:15]   Plot saved: /Users/a/dev/WP3biodegradability/t_half/logs/water_combined/20260421_142713/residuals/residuals_vs_PEOE_VSA8_water.png
[2026-04-21 14:30:15]   SlogP_VSA12: no significant monotonic trend (rho=0.05, p=0.536); heteroscedastic (Levene p=0.012)
[2026-04-21 14:30:15]   Plot saved: /Users/a/dev/WP3biodegradability/t_half/logs/water_combined/20260421_142713/residuals/residuals_vs_SlogP_VSA12_water.png
[2026-04-21 14:30:15]   EState_VSA9: no significant monotonic trend (rho=0.07, p=0.389); heteroscedastic (Levene p=0.004)
[2026-04-21 14:30:15]   Plot saved: /Users/a/dev/WP3biodegradability/t_half/logs/water_combined/20260421_142713/residuals/residuals_vs_EState_VSA9_water.png
[2026-04-21 14:30:15]   SlogP_VSA7: no significant monotonic trend (rho=0.15, p=0.055); homoscedastic (Levene p=0.747)
[2026-04-21 14:30:16]   Plot saved: /Users/a/dev/WP3biodegradability/t_half/logs/water_combined/20260421_142713/residuals/residuals_vs_SlogP_VSA7_water.png
[2026-04-21 14:30:16]   fr_COO: no significant monotonic trend (rho=-0.01, p=0.883); homoscedastic (Levene p=0.950)
[2026-04-21 14:30:16]   Plot saved: /Users/a/dev/WP3biodegradability/t_half/logs/water_combined/20260421_142713/residuals/residuals_vs_fr_COO_water.png
[2026-04-21 14:30:16]   SMR_VSA10: no significant monotonic trend (rho=0.06, p=0.414); heteroscedastic (Levene p=0.037)
[2026-04-21 14:30:16]   Plot saved: /Users/a/dev/WP3biodegradability/t_half/logs/water_combined/20260421_142713/residuals/residuals_vs_SMR_VSA10_water.png
[2026-04-21 14:30:16] 
[2026-04-21 14:30:16] Feature Reduction Recommendations (top-10 permutation features):
[2026-04-21 14:30:16] ----------------------------------------------------------------------
[2026-04-21 14:30:16]   fr_Imine: OK — no systematic trend or heteroscedasticity detected; retain as-is.
[2026-04-21 14:30:16]   fr_Ar_COO: OK — no systematic trend or heteroscedasticity detected; retain as-is.
[2026-04-21 14:30:16]   fr_aryl_methyl: OK — no systematic trend or heteroscedasticity detected; retain as-is.
[2026-04-21 14:30:16]   BCUT2D_MWHI: HETEROSCEDASTIC (Levene p=0.001) — error variance changes across feature range; consider robust scaling or binning.
[2026-04-21 14:30:16]   PEOE_VSA8: HETEROSCEDASTIC (Levene p=0.001) — error variance changes across feature range; consider robust scaling or binning.
[2026-04-21 14:30:16]   SlogP_VSA12: HETEROSCEDASTIC (Levene p=0.012) — error variance changes across feature range; consider robust scaling or binning.
[2026-04-21 14:30:16]   EState_VSA9: HETEROSCEDASTIC (Levene p=0.004) — error variance changes across feature range; consider robust scaling or binning.
[2026-04-21 14:30:16]   SlogP_VSA7: OK — no systematic trend or heteroscedasticity detected; retain as-is.
[2026-04-21 14:30:16]   fr_COO: OK — no systematic trend or heteroscedasticity detected; retain as-is.
[2026-04-21 14:30:16]   SMR_VSA10: HETEROSCEDASTIC (Levene p=0.037) — error variance changes across feature range; consider robust scaling or binning.
[2026-04-21 14:30:16] 
[2026-04-21 14:30:16] 
[2026-04-21 14:30:16] PCA dimensionality estimate: 53 components explain ≥95% variance (out of 250 features).
[2026-04-21 14:30:16] PCA dimensionality estimate: 89 components explain ≥99% variance (out of 250 features).
============================================================
[2026-04-21 14:30:16]   Feature Reduction — Strategy Comparison
============================================================
[2026-04-21 14:30:16] Baseline (full feature set, 250 features): R²=0.3873  RMSE=0.6805  MAE=0.4220
[2026-04-21 14:30:16] ----------------------------------------------------------------------
[2026-04-21 14:30:16] Strategy A  top-SVR (importance>0):
  Features selected (114): ['fr_Imine', 'fr_Ar_COO', 'fr_aryl_methyl', 'BCUT2D_MWHI', 'PEOE_VSA8', 'SlogP_VSA12', 'EState_VSA9', 'SlogP_VSA7', 'fr_COO', 'SMR_VSA10', 'fr_Ar_N', 'fr_furan', 'fr_NH1', 'fr_bicyclic', 'fr_amidine', 'fr_Ar_NH', 'SMR_VSA3', 'fr_urea', 'BCUT2D_LOGPHI', 'fr_pyridine', 'fr_C_O', 'VSA_EState9', 'fr_amide', 'SMR_VSA9', 'EState_VSA2', 'EState_VSA7', 'BCUT2D_MRHI', 'EState_VSA8', 'fr_nitro_arom_nonortho', 'NumSaturatedCarbocycles', 'fr_methoxy', 'NumHeteroatoms', 'FractionCSP3', 'PEOE_VSA5', 'fr_aldehyde', 'fr_nitro', 'EState_VSA1', 'SlogP_VSA8', 'fr_oxime', 'PEOE_VSA4', 'PEOE_VSA3', 'VSA_EState2', 'fr_C_O_noCOO', 'fr_ketone', 'EState_VSA3', 'NumAromaticHeterocycles', 'HallKierAlpha', 'MACCS_087', 'EState_VSA10', 'fr_phos_acid', 'MaxPartialCharge', 'MolWt', 'VSA_EState5', 'SlogP_VSA4', 'fr_ketone_Topliss', 'EState_VSA6', 'MACCS_110', 'MaxEStateIndex', 'fr_Al_COO', 'MACCS_160', 'PEOE_VSA11', 'fr_unbrch_alkane', 'SlogP_VSA10', 'MACCS_078', 'fr_alkyl_halide', 'ESOL_logS', 'MinAbsEStateIndex', 'MACCS_150', 'MACCS_092', 'MACCS_101', 'MACCS_145', 'MACCS_106', 'BCUT2D_CHGHI', 'MACCS_126', 'MACCS_128', 'MACCS_113', 'MACCS_099', 'MACCS_095', 'MACCS_121', 'PEOE_VSA12', 'BCUT2D_CHGLO', 'MACCS_076', 'fr_allylic_oxid', 'MACCS_120', 'MACCS_080', 'fr_Al_OH', 'MACCS_098', 'MACCS_097', 'MACCS_077', 'NumAliphaticCarbocycles', 'MACCS_125', 'MACCS_046', 'MACCS_062', 'MACCS_079', 'MACCS_065', 'MACCS_024', 'MolLogP', 'BertzCT', 'MACCS_075', 'MACCS_025', 'MACCS_136', 'MACCS_049', 'MACCS_037', 'MACCS_053', 'MACCS_043', 'MACCS_056', 'MACCS_019', 'MACCS_026', 'Kappa3', 'MACCS_047', 'MACCS_050', 'MACCS_021', 'MACCS_166', 'MACCS_081']
  R²=0.4422 (Δ+0.0549)  RMSE=0.6493 (Δ-0.0312)  MAE=0.4186 (Δ-0.0035)
[2026-04-21 14:30:16] Strategy B  top-X (N=114):
  Features selected (114): ['fr_Imine', 'fr_Ar_COO', 'fr_aryl_methyl', 'BCUT2D_MWHI', 'PEOE_VSA8', 'SlogP_VSA12', 'EState_VSA9', 'SlogP_VSA7', 'fr_COO', 'SMR_VSA10', 'fr_Ar_N', 'fr_furan', 'fr_NH1', 'fr_bicyclic', 'fr_amidine', 'fr_Ar_NH', 'SMR_VSA3', 'fr_urea', 'BCUT2D_LOGPHI', 'fr_pyridine', 'fr_C_O', 'VSA_EState9', 'fr_amide', 'SMR_VSA9', 'EState_VSA2', 'EState_VSA7', 'BCUT2D_MRHI', 'EState_VSA8', 'fr_nitro_arom_nonortho', 'NumSaturatedCarbocycles', 'fr_methoxy', 'NumHeteroatoms', 'FractionCSP3', 'PEOE_VSA5', 'fr_aldehyde', 'fr_nitro', 'EState_VSA1', 'SlogP_VSA8', 'fr_oxime', 'PEOE_VSA4', 'PEOE_VSA3', 'VSA_EState2', 'fr_C_O_noCOO', 'fr_ketone', 'EState_VSA3', 'NumAromaticHeterocycles', 'HallKierAlpha', 'MACCS_087', 'EState_VSA10', 'fr_phos_acid', 'MaxPartialCharge', 'MolWt', 'VSA_EState5', 'SlogP_VSA4', 'fr_ketone_Topliss', 'EState_VSA6', 'MACCS_110', 'MaxEStateIndex', 'fr_Al_COO', 'MACCS_160', 'PEOE_VSA11', 'fr_unbrch_alkane', 'SlogP_VSA10', 'MACCS_078', 'fr_alkyl_halide', 'ESOL_logS', 'MinAbsEStateIndex', 'MACCS_150', 'MACCS_092', 'MACCS_101', 'MACCS_145', 'MACCS_106', 'BCUT2D_CHGHI', 'MACCS_126', 'MACCS_128', 'MACCS_113', 'MACCS_099', 'MACCS_095', 'MACCS_121', 'PEOE_VSA12', 'BCUT2D_CHGLO', 'MACCS_076', 'fr_allylic_oxid', 'MACCS_120', 'MACCS_080', 'fr_Al_OH', 'MACCS_098', 'MACCS_097', 'MACCS_077', 'NumAliphaticCarbocycles', 'MACCS_125', 'MACCS_046', 'MACCS_062', 'MACCS_079', 'MACCS_065', 'MACCS_024', 'MolLogP', 'BertzCT', 'MACCS_075', 'MACCS_025', 'MACCS_136', 'MACCS_049', 'MACCS_037', 'MACCS_053', 'MACCS_043', 'MACCS_056', 'MACCS_019', 'MACCS_026', 'Kappa3', 'MACCS_047', 'MACCS_050', 'MACCS_021', 'MACCS_166', 'MACCS_081']
  R²=0.4422 (Δ+0.0549)  RMSE=0.6493 (Δ-0.0312)  MAE=0.4186 (Δ-0.0035)
[2026-04-21 14:30:16] Strategy C  top-N pca99 (N=89):
  Features selected (89): ['fr_Imine', 'fr_Ar_COO', 'fr_aryl_methyl', 'BCUT2D_MWHI', 'PEOE_VSA8', 'SlogP_VSA12', 'EState_VSA9', 'SlogP_VSA7', 'fr_COO', 'SMR_VSA10', 'fr_Ar_N', 'fr_furan', 'fr_NH1', 'fr_bicyclic', 'fr_amidine', 'fr_Ar_NH', 'SMR_VSA3', 'fr_urea', 'BCUT2D_LOGPHI', 'fr_pyridine', 'fr_C_O', 'VSA_EState9', 'fr_amide', 'SMR_VSA9', 'EState_VSA2', 'EState_VSA7', 'BCUT2D_MRHI', 'EState_VSA8', 'fr_nitro_arom_nonortho', 'NumSaturatedCarbocycles', 'fr_methoxy', 'NumHeteroatoms', 'FractionCSP3', 'PEOE_VSA5', 'fr_aldehyde', 'fr_nitro', 'EState_VSA1', 'SlogP_VSA8', 'fr_oxime', 'PEOE_VSA4', 'PEOE_VSA3', 'VSA_EState2', 'fr_C_O_noCOO', 'fr_ketone', 'EState_VSA3', 'NumAromaticHeterocycles', 'HallKierAlpha', 'MACCS_087', 'EState_VSA10', 'fr_phos_acid', 'MaxPartialCharge', 'MolWt', 'VSA_EState5', 'SlogP_VSA4', 'fr_ketone_Topliss', 'EState_VSA6', 'MACCS_110', 'MaxEStateIndex', 'fr_Al_COO', 'MACCS_160', 'PEOE_VSA11', 'fr_unbrch_alkane', 'SlogP_VSA10', 'MACCS_078', 'fr_alkyl_halide', 'ESOL_logS', 'MinAbsEStateIndex', 'MACCS_150', 'MACCS_092', 'MACCS_101', 'MACCS_145', 'MACCS_106', 'BCUT2D_CHGHI', 'MACCS_126', 'MACCS_128', 'MACCS_113', 'MACCS_099', 'MACCS_095', 'MACCS_121', 'PEOE_VSA12', 'BCUT2D_CHGLO', 'MACCS_076', 'fr_allylic_oxid', 'MACCS_120', 'MACCS_080', 'fr_Al_OH', 'MACCS_098', 'MACCS_097', 'MACCS_077']
  R²=0.4410 (Δ+0.0538)  RMSE=0.6499 (Δ-0.0305)  MAE=0.4199 (Δ-0.0021)
[2026-04-21 14:30:16] 
[2026-04-21 14:30:16] Strategy D  RFE (LinearSVR selector → RBF SVR evaluator):
[2026-04-21 14:31:27]   RFE selector: LinearSVR, n_features_to_select=114
  Features selected (114): ['MaxEStateIndex', 'MinEStateIndex', 'MolWt', 'BCUT2D_CHGHI', 'BCUT2D_CHGLO', 'BCUT2D_LOGPHI', 'BCUT2D_MRHI', 'BCUT2D_MRLOW', 'Chi3n', 'HallKierAlpha', 'PEOE_VSA1', 'PEOE_VSA13', 'PEOE_VSA14', 'PEOE_VSA2', 'PEOE_VSA3', 'PEOE_VSA4', 'SMR_VSA3', 'SMR_VSA4', 'SMR_VSA9', 'SlogP_VSA1', 'SlogP_VSA11', 'SlogP_VSA12', 'SlogP_VSA2', 'SlogP_VSA4', 'SlogP_VSA6', 'SlogP_VSA8', 'EState_VSA10', 'EState_VSA3', 'EState_VSA8', 'VSA_EState1', 'VSA_EState2', 'VSA_EState5', 'FractionCSP3', 'NHOHCount', 'NumAliphaticHeterocycles', 'NumAromaticCarbocycles', 'NumHAcceptors', 'NumHDonors', 'MolLogP', 'fr_Al_OH', 'fr_ArN', 'fr_Ar_NH', 'fr_Ar_OH', 'fr_COO', 'fr_C_O_noCOO', 'fr_NH0', 'fr_NH1', 'fr_NH2', 'fr_amide', 'fr_amidine', 'fr_aniline', 'fr_bicyclic', 'fr_ester', 'fr_ether', 'fr_ketone_Topliss', 'fr_methoxy', 'fr_nitro', 'fr_oxime', 'fr_phos_acid', 'fr_pyridine', 'fr_urea', 'MACCS_019', 'MACCS_024', 'MACCS_034', 'MACCS_042', 'MACCS_050', 'MACCS_053', 'MACCS_059', 'MACCS_063', 'MACCS_069', 'MACCS_071', 'MACCS_072', 'MACCS_077', 'MACCS_078', 'MACCS_079', 'MACCS_081', 'MACCS_083', 'MACCS_089', 'MACCS_090', 'MACCS_091', 'MACCS_093', 'MACCS_096', 'MACCS_097', 'MACCS_098', 'MACCS_100', 'MACCS_107', 'MACCS_111', 'MACCS_112', 'MACCS_115', 'MACCS_117', 'MACCS_121', 'MACCS_123', 'MACCS_124', 'MACCS_126', 'MACCS_127', 'MACCS_129', 'MACCS_131', 'MACCS_132', 'MACCS_133', 'MACCS_137', 'MACCS_138', 'MACCS_139', 'MACCS_140', 'MACCS_141', 'MACCS_144', 'MACCS_150', 'MACCS_151', 'MACCS_152', 'MACCS_153', 'MACCS_155', 'MACCS_158', 'MACCS_159', 'MACCS_161', 'MACCS_164']
  R²=0.3588 (Δ-0.0284)  RMSE=0.6961 (Δ+0.0156)  MAE=0.4359 (Δ+0.0139)
[2026-04-21 14:31:27] 
[2026-04-21 14:31:27] Summary (sorted by R², descending):
[2026-04-21 14:31:27]   Strategy                            N feats       R²     RMSE      MAE
[2026-04-21 14:31:27]   Baseline (all features)                 250   0.3873   0.6805   0.4220
[2026-04-21 14:31:27]   A  top-SVR (importance>0)               114   0.4422   0.6493   0.4186
[2026-04-21 14:31:27]   B  top-X (N=114)                        114   0.4422   0.6493   0.4186
[2026-04-21 14:31:27]   C  top-N pca99 (N=89)                    89   0.4410   0.6499   0.4199
[2026-04-21 14:31:27]   D  RFE (LinearSVR→RBF)                  114   0.3588   0.6961   0.4359
[2026-04-21 14:31:27] 
[2026-04-21 14:31:27] Winner: A  top-SVR (importance>0)  (N=114, R²=0.4422, RMSE=0.6493, MAE=0.4186)
============================================================
[2026-04-21 14:31:27]   Feature Reduction — Final Model
============================================================
[2026-04-21 14:31:28] 
5-Fold Cross-Validation Results:
[2026-04-21 14:31:28]   R² (CV): 0.5277 (+/- 0.0567)
[2026-04-21 14:31:28]   MSE (CV): 0.3509 (+/- 0.0786)
[2026-04-21 14:31:28]   MAE (CV): 0.4159 (+/- 0.0511)
[2026-04-21 14:31:28] Final model CV (5-fold on training set, reduced features):
  R² (CV): 0.5277 (+/- 0.0567)
  RMSE (log10, CV): 0.5924 (+/- 0.2803)
  MAE (CV): 0.4159
[2026-04-21 14:31:28] Final model test set:
  RMSE (log10): 0.6493  MAE (log10): 0.4186
  RMSE (days):  245.67   MAE (days):  56.84
[2026-04-21 14:31:28] Model saved to /Users/a/dev/WP3biodegradability/t_half/models/SVR_water_combined_20260421_143128.joblib
[2026-04-21 14:31:28] Parameters saved to /Users/a/dev/WP3biodegradability/t_half/models/SVR_water_combined_20260421_143128.json
[2026-04-21 14:31:28] 
Learning Curve Analysis
[2026-04-21 14:31:28] Training sizes evaluated: [55, 111, 167, 222, 278, 334, 389, 445, 501, 557]
[2026-04-21 14:31:28] Final performance with 557 training samples:
[2026-04-21 14:31:28]   Training R²: 0.7465 (+/- 0.0559)
[2026-04-21 14:31:28]   Validation R²: 0.3667 (+/- 0.2267)
[2026-04-21 14:31:28] Interpretation: Curves are still improving - more data may help
[2026-04-21 14:31:28] Learning curve plot saved to /Users/a/dev/WP3biodegradability/t_half/logs/water_combined/20260421_142713/learning_curve_water.png
[2026-04-21 14:31:28] Overfitting gap plot saved to /Users/a/dev/WP3biodegradability/t_half/logs/water_combined/20260421_142713/overfitting_gap_water.png
[2026-04-21 14:31:28] True vs Predicted plot saved to /Users/a/dev/WP3biodegradability/t_half/logs/water_combined/20260421_142713/true_vs_pred_water.png
[2026-04-21 14:31:28] True vs Predicted (≤100) plot saved to /Users/a/dev/WP3biodegradability/t_half/logs/water_combined/20260421_142713/true_vs_pred_100_water.png
[2026-04-21 14:31:33] Feature importance plot saved to /Users/a/dev/WP3biodegradability/t_half/logs/water_combined/20260421_142713/feature_importance_water_reduced.png
[2026-04-21 14:31:33] Residuals vs Predicted: no significant monotonic trend (rho=-0.05, p=0.552)
[2026-04-21 14:31:33] Residuals vs Predicted plot saved to /Users/a/dev/WP3biodegradability/t_half/logs/water_combined/20260421_142713/residuals/residuals_vs_pred_water_reduced.png
[2026-04-21 14:31:33] Q-Q plot of residuals saved to /Users/a/dev/WP3biodegradability/t_half/logs/water_combined/20260421_142713/residuals/qqplot_residuals_water_reduced.png
[2026-04-21 14:31:33] Residual histogram plot saved to /Users/a/dev/WP3biodegradability/t_half/logs/water_combined/20260421_142713/residuals/residual_hist_water_reduced.png
[2026-04-21 14:31:33]   fr_Imine: no significant monotonic trend (rho=0.19, p=0.011); homoscedastic (Levene p=0.260)
[2026-04-21 14:31:33]   Plot saved: /Users/a/dev/WP3biodegradability/t_half/logs/water_combined/20260421_142713/residuals/residuals_vs_fr_Imine_water_reduced.png
[2026-04-21 14:31:33]   SlogP_VSA12: no significant monotonic trend (rho=0.01, p=0.943); heteroscedastic (Levene p=0.015)
[2026-04-21 14:31:33]   Plot saved: /Users/a/dev/WP3biodegradability/t_half/logs/water_combined/20260421_142713/residuals/residuals_vs_SlogP_VSA12_water_reduced.png
[2026-04-21 14:31:33]   SlogP_VSA8: no significant monotonic trend (rho=0.04, p=0.608); homoscedastic (Levene p=0.118)
[2026-04-21 14:31:33]   Plot saved: /Users/a/dev/WP3biodegradability/t_half/logs/water_combined/20260421_142713/residuals/residuals_vs_SlogP_VSA8_water_reduced.png
[2026-04-21 14:31:33]   SlogP_VSA7: no significant monotonic trend (rho=0.12, p=0.099); homoscedastic (Levene p=0.718)
[2026-04-21 14:31:33]   Plot saved: /Users/a/dev/WP3biodegradability/t_half/logs/water_combined/20260421_142713/residuals/residuals_vs_SlogP_VSA7_water_reduced.png
[2026-04-21 14:31:33]   fr_COO: no significant monotonic trend (rho=-0.07, p=0.383); homoscedastic (Levene p=0.954)
[2026-04-21 14:31:34]   Plot saved: /Users/a/dev/WP3biodegradability/t_half/logs/water_combined/20260421_142713/residuals/residuals_vs_fr_COO_water_reduced.png
[2026-04-21 14:31:34]   PEOE_VSA11: no significant monotonic trend (rho=0.04, p=0.632); homoscedastic (Levene p=0.565)
[2026-04-21 14:31:34]   Plot saved: /Users/a/dev/WP3biodegradability/t_half/logs/water_combined/20260421_142713/residuals/residuals_vs_PEOE_VSA11_water_reduced.png
[2026-04-21 14:31:34]   fr_Ar_COO: no significant monotonic trend (rho=-0.09, p=0.234); homoscedastic (Levene p=0.646)
[2026-04-21 14:31:34]   Plot saved: /Users/a/dev/WP3biodegradability/t_half/logs/water_combined/20260421_142713/residuals/residuals_vs_fr_Ar_COO_water_reduced.png
[2026-04-21 14:31:34]   EState_VSA7: no significant monotonic trend (rho=0.14, p=0.073); heteroscedastic (Levene p=0.002)
[2026-04-21 14:31:34]   Plot saved: /Users/a/dev/WP3biodegradability/t_half/logs/water_combined/20260421_142713/residuals/residuals_vs_EState_VSA7_water_reduced.png
[2026-04-21 14:31:34]   fr_furan: no significant monotonic trend (rho=-0.04, p=0.594); homoscedastic (Levene p=nan)
[2026-04-21 14:31:34]   Plot saved: /Users/a/dev/WP3biodegradability/t_half/logs/water_combined/20260421_142713/residuals/residuals_vs_fr_furan_water_reduced.png
[2026-04-21 14:31:34]   SMR_VSA10: no significant monotonic trend (rho=0.01, p=0.937); homoscedastic (Levene p=0.057)
[2026-04-21 14:31:34]   Plot saved: /Users/a/dev/WP3biodegradability/t_half/logs/water_combined/20260421_142713/residuals/residuals_vs_SMR_VSA10_water_reduced.png
[2026-04-21 14:31:34] 
[2026-04-21 14:31:34] Feature Reduction Recommendations (top-10 permutation features):
[2026-04-21 14:31:34] ----------------------------------------------------------------------
[2026-04-21 14:31:34]   fr_Imine: OK — no systematic trend or heteroscedasticity detected; retain as-is.
[2026-04-21 14:31:34]   SlogP_VSA12: HETEROSCEDASTIC (Levene p=0.015) — error variance changes across feature range; consider robust scaling or binning.
[2026-04-21 14:31:34]   SlogP_VSA8: OK — no systematic trend or heteroscedasticity detected; retain as-is.
[2026-04-21 14:31:34]   SlogP_VSA7: OK — no systematic trend or heteroscedasticity detected; retain as-is.
[2026-04-21 14:31:34]   fr_COO: OK — no systematic trend or heteroscedasticity detected; retain as-is.
[2026-04-21 14:31:34]   PEOE_VSA11: OK — no systematic trend or heteroscedasticity detected; retain as-is.
[2026-04-21 14:31:34]   fr_Ar_COO: OK — no systematic trend or heteroscedasticity detected; retain as-is.
[2026-04-21 14:31:34]   EState_VSA7: HETEROSCEDASTIC (Levene p=0.002) — error variance changes across feature range; consider robust scaling or binning.
[2026-04-21 14:31:34]   fr_furan: OK — no systematic trend or heteroscedasticity detected; retain as-is.
[2026-04-21 14:31:34]   SMR_VSA10: OK — no systematic trend or heteroscedasticity detected; retain as-is.
[2026-04-21 14:31:34] 
[2026-04-21 14:31:34] 
[2026-04-21 14:31:34] PCA dimensionality estimate: 39 components explain ≥95% variance (out of 114 features).
[2026-04-21 14:31:34] PCA dimensionality estimate: 58 components explain ≥99% variance (out of 114 features).
[2026-04-21 14:31:34] Test coverage inside training bounding box: 99.4%
[2026-04-21 14:31:34] PCA explained variance: PC1=0.128, PC2=0.086
============================================================
[2026-04-21 14:31:34]   Applicability Domain Analysis
============================================================
[2026-04-21 14:31:34] h* threshold : 0.6552
[2026-04-21 14:31:34] Train inside AD : 91.6%
[2026-04-21 14:31:34] Test  inside AD : 78.3%
[2026-04-21 14:31:34] AD-outside test compounds (n=38)
[2026-04-21 14:31:34] Butina clusters: 36, singletons: 35 (92.1%)
============================================================
[2026-04-21 14:31:34]   Chemical Structure Analysis (Sections 1-4)
============================================================
[2026-04-21 14:31:34] Section 1: Scaffold Analysis
[2026-04-21 14:31:34]   Total scaffolds: 40
[2026-04-21 14:31:34]   Singletons: 29
[2026-04-21 14:31:34]   Top scaffold coverage: 38.3%
[2026-04-21 14:31:34]   Dominance flag: False
[2026-04-21 14:31:34]   Scaffolds for 90% coverage: 23
[2026-04-21 14:31:34] Section 2: Substituent Analysis
[2026-04-21 14:31:34]   Error: No R-groups identified
[2026-04-21 14:31:34] Section 3: Fragment Analysis
[2026-04-21 14:31:34]   Total fragments: 319
[2026-04-21 14:31:34]   Unique fragments: 199
[2026-04-21 14:31:34]   Outlier fragments: 1
[2026-04-21 14:31:34] Section 4: Chemistry Consistency Check
[2026-04-21 14:31:34]   Descriptor map entries: 17
[2026-04-21 14:31:34]   Motifs analyzed: 7
[2026-04-21 14:31:34]   Scaffold-driven AD violations: True
[2026-04-21 14:31:34] Chemistry analysis complete. Output: /Users/a/dev/WP3biodegradability/t_half/logs/water_combined/20260421_142713/chemistry_analysis
