[2026-04-21 14:25:02] SVR Model and Analysis
============================================================
[2026-04-21 14:25:02]   Preprocessor class
============================================================
[2026-04-21 14:25:02] Dataset X and y shapes before preprocessing: X=226, y=226
[2026-04-21 14:25:02] Columns to drop: ['None']
[2026-04-21 14:25:02] name: AirData
[2026-04-21 14:25:02] remove_outliers: True
[2026-04-21 14:25:02] Dataset X and y shapes after preprocessing: X=214, y_log=214
============================================================
[2026-04-21 14:25:02]   Model section
============================================================
[2026-04-21 14:25:02] Performing 5-fold cross-validation
[2026-04-21 14:25:08] Best hyperparameters from grid search: {'C': 10, 'epsilon': 0.1, 'gamma': 'auto', 'kernel': 'rbf'}
[2026-04-21 14:25:08] 
5-Fold Cross-Validation Results:
[2026-04-21 14:25:08]   R² (CV): 0.8024 (+/- 0.1176)
[2026-04-21 14:25:08]   MSE (CV): 0.1178 (+/- 0.0516)
[2026-04-21 14:25:08]   MAE (CV): 0.2360 (+/- 0.0427)
[2026-04-21 14:25:08] 
============================================================
[2026-04-21 14:25:08] FINAL RESULTS SUMMARY
[2026-04-21 14:25:08] ============================================================
[2026-04-21 14:25:08] Test size: 0.25
[2026-04-21 14:25:08] SVR hyperparameters: {'C': 10, 'epsilon': 0.1, 'gamma': 'auto', 'kernel': 'rbf'}
[2026-04-21 14:25:08] 
Cross-validation performance (5 folds):
[2026-04-21 14:25:08]   R² (CV): 0.8024 (+/- 0.1176)
[2026-04-21 14:25:08] 
Held-out test set performance:
[2026-04-21 14:25:08] {'R2': 0.56692883430682, 'MAE': 168.66752096543073, 'MSE': 185580.76088294256, 'RMSE': 430.7908551524075, 'Explained Variance': 0.5703076548173402}
[2026-04-21 14:25:08] ============================================================
============================================================
[2026-04-21 14:25:08]   Model Analysis
============================================================
[2026-04-21 14:25:09] Feature importance plot saved to /Users/a/dev/WP3biodegradability/t_half/logs/soil_vega/20260421_142502/feature_importance_soil.png
[2026-04-21 14:25:09] Residuals vs Predicted: no significant monotonic trend (rho=0.08, p=0.549)
[2026-04-21 14:25:09] Residuals vs Predicted plot saved to /Users/a/dev/WP3biodegradability/t_half/logs/soil_vega/20260421_142502/residuals/residuals_vs_pred_soil.png
[2026-04-21 14:25:09] Q-Q plot of residuals saved to /Users/a/dev/WP3biodegradability/t_half/logs/soil_vega/20260421_142502/residuals/qqplot_residuals_soil.png
[2026-04-21 14:25:10] Residual histogram plot saved to /Users/a/dev/WP3biodegradability/t_half/logs/soil_vega/20260421_142502/residuals/residual_hist_soil.png
[2026-04-21 14:25:10]   EState_VSA2: no significant monotonic trend (rho=0.01, p=0.965); homoscedastic (Levene p=0.427)
[2026-04-21 14:25:10]   Plot saved: /Users/a/dev/WP3biodegradability/t_half/logs/soil_vega/20260421_142502/residuals/residuals_vs_EState_VSA2_soil.png
[2026-04-21 14:25:10]   SlogP_VSA7: no significant monotonic trend (rho=0.29, p=0.032); homoscedastic (Levene p=0.092)
[2026-04-21 14:25:10]   Plot saved: /Users/a/dev/WP3biodegradability/t_half/logs/soil_vega/20260421_142502/residuals/residuals_vs_SlogP_VSA7_soil.png
[2026-04-21 14:25:10]   MinPartialCharge: no significant monotonic trend (rho=0.09, p=0.531); homoscedastic (Levene p=0.989)
[2026-04-21 14:25:10]   Plot saved: /Users/a/dev/WP3biodegradability/t_half/logs/soil_vega/20260421_142502/residuals/residuals_vs_MinPartialCharge_soil.png
[2026-04-21 14:25:10]   fr_Al_OH: no significant monotonic trend (rho=0.02, p=0.874); homoscedastic (Levene p=nan)
[2026-04-21 14:25:10]   Plot saved: /Users/a/dev/WP3biodegradability/t_half/logs/soil_vega/20260421_142502/residuals/residuals_vs_fr_Al_OH_soil.png
[2026-04-21 14:25:10]   EState_VSA3: no significant monotonic trend (rho=-0.13, p=0.356); homoscedastic (Levene p=0.689)
[2026-04-21 14:25:10]   Plot saved: /Users/a/dev/WP3biodegradability/t_half/logs/soil_vega/20260421_142502/residuals/residuals_vs_EState_VSA3_soil.png
[2026-04-21 14:25:10]   NumAliphaticHeterocycles: no significant monotonic trend (rho=0.11, p=0.446); homoscedastic (Levene p=0.353)
[2026-04-21 14:25:10]   Plot saved: /Users/a/dev/WP3biodegradability/t_half/logs/soil_vega/20260421_142502/residuals/residuals_vs_NumAliphaticHeterocycles_soil.png
[2026-04-21 14:25:10]   RingCount: no significant monotonic trend (rho=0.20, p=0.148); homoscedastic (Levene p=0.704)
[2026-04-21 14:25:10]   Plot saved: /Users/a/dev/WP3biodegradability/t_half/logs/soil_vega/20260421_142502/residuals/residuals_vs_RingCount_soil.png
[2026-04-21 14:25:10]   VSA_EState7: no significant monotonic trend (rho=-0.07, p=0.591); homoscedastic (Levene p=0.794)
[2026-04-21 14:25:10]   Plot saved: /Users/a/dev/WP3biodegradability/t_half/logs/soil_vega/20260421_142502/residuals/residuals_vs_VSA_EState7_soil.png
[2026-04-21 14:25:10]   MACCS_087: no significant monotonic trend (rho=0.20, p=0.139); homoscedastic (Levene p=0.674)
[2026-04-21 14:25:10]   Plot saved: /Users/a/dev/WP3biodegradability/t_half/logs/soil_vega/20260421_142502/residuals/residuals_vs_MACCS_087_soil.png
[2026-04-21 14:25:10]   MolLogP: no significant monotonic trend (rho=0.20, p=0.147); homoscedastic (Levene p=0.927)
[2026-04-21 14:25:10]   Plot saved: /Users/a/dev/WP3biodegradability/t_half/logs/soil_vega/20260421_142502/residuals/residuals_vs_MolLogP_soil.png
[2026-04-21 14:25:10] 
[2026-04-21 14:25:10] Feature Reduction Recommendations (top-10 permutation features):
[2026-04-21 14:25:10] ----------------------------------------------------------------------
[2026-04-21 14:25:10]   EState_VSA2: OK — no systematic trend or heteroscedasticity detected; retain as-is.
[2026-04-21 14:25:10]   SlogP_VSA7: OK — no systematic trend or heteroscedasticity detected; retain as-is.
[2026-04-21 14:25:10]   MinPartialCharge: OK — no systematic trend or heteroscedasticity detected; retain as-is.
[2026-04-21 14:25:10]   fr_Al_OH: OK — no systematic trend or heteroscedasticity detected; retain as-is.
[2026-04-21 14:25:10]   EState_VSA3: OK — no systematic trend or heteroscedasticity detected; retain as-is.
[2026-04-21 14:25:10]   NumAliphaticHeterocycles: OK — no systematic trend or heteroscedasticity detected; retain as-is.
[2026-04-21 14:25:10]   RingCount: OK — no systematic trend or heteroscedasticity detected; retain as-is.
[2026-04-21 14:25:10]   VSA_EState7: OK — no systematic trend or heteroscedasticity detected; retain as-is.
[2026-04-21 14:25:10]   MACCS_087: OK — no systematic trend or heteroscedasticity detected; retain as-is.
[2026-04-21 14:25:10]   MolLogP: OK — no systematic trend or heteroscedasticity detected; retain as-is.
[2026-04-21 14:25:10] 
[2026-04-21 14:25:10] 
[2026-04-21 14:25:10] PCA dimensionality estimate: 34 components explain ≥95% variance (out of 199 features).
[2026-04-21 14:25:10] PCA dimensionality estimate: 55 components explain ≥99% variance (out of 199 features).
============================================================
[2026-04-21 14:25:10]   Feature Reduction — Strategy Comparison
============================================================
[2026-04-21 14:25:10] Baseline (full feature set, 199 features): R²=0.7853  RMSE=0.3877  MAE=0.2793
[2026-04-21 14:25:10] ----------------------------------------------------------------------
[2026-04-21 14:25:10] Strategy A  top-SVR (importance>0):
  Features selected (129): ['EState_VSA2', 'SlogP_VSA7', 'MinPartialCharge', 'fr_Al_OH', 'EState_VSA3', 'NumAliphaticHeterocycles', 'RingCount', 'VSA_EState7', 'MACCS_087', 'MolLogP', 'MACCS_103', 'NumRotatableBonds', 'NumHAcceptors', 'MACCS_107', 'SlogP_VSA8', 'BCUT2D_MWLOW', 'NumAromaticCarbocycles', 'fr_urea', 'TPSA', 'fr_aryl_methyl', 'MACCS_134', 'EState_VSA10', 'fr_Ar_COO', 'BertzCT', 'EState_VSA9', 'fr_C_O_noCOO', 'NHOHCount', 'MinEStateIndex', 'MaxEStateIndex', 'fr_C_O', 'EState_VSA7', 'fr_methoxy', 'fr_amide', 'SMR_VSA1', 'Chi3n', 'PEOE_VSA11', 'EState_VSA5', 'MaxPartialCharge', 'VSA_EState4', 'fr_Al_COO', 'Kappa2', 'BCUT2D_MRLOW', 'SlogP_VSA5', 'NumAliphaticRings', 'fr_ArN', 'PEOE_VSA8', 'SMR_VSA5', 'SlogP_VSA1', 'PEOE_VSA6', 'NumSaturatedCarbocycles', 'SMR_VSA10', 'PEOE_VSA1', 'fr_allylic_oxid', 'PEOE_VSA2', 'MinAbsPartialCharge', 'PEOE_VSA9', 'SlogP_VSA2', 'Kappa3', 'Chi0n', 'fr_unbrch_alkane', 'fr_furan', 'fr_bicyclic', 'VSA_EState2', 'fr_aniline', 'VSA_EState5', 'fr_COO', 'MACCS_164', 'SlogP_VSA12', 'NumHeteroatoms', 'fr_pyridine', 'NumValenceElectrons', 'VSA_EState8', 'Chi3v', 'MACCS_162', 'MACCS_057', 'EState_VSA1', 'fr_ether', 'VSA_EState1', 'PEOE_VSA14', 'MACCS_137', 'MACCS_112', 'EState_VSA4', 'BalabanJ', 'MACCS_109', 'MACCS_120', 'fr_NH0', 'SMR_VSA3', 'MACCS_099', 'MACCS_129', 'MACCS_098', 'SlogP_VSA3', 'MACCS_072', 'MACCS_067', 'SlogP_VSA4', 'MACCS_128', 'MACCS_148', 'MACCS_101', 'PEOE_VSA3', 'fr_para_hydroxylation', 'MACCS_106', 'MACCS_132', 'NumAliphaticCarbocycles', 'MACCS_081', 'fr_ester', 'MACCS_014', 'MACCS_074', 'MACCS_034', 'MACCS_153', 'fr_Ar_N', 'MACCS_130', 'Kappa1', 'MACCS_062', 'MACCS_096', 'MACCS_118', 'MACCS_122', 'MACCS_151', 'MACCS_029', 'MACCS_077', 'MACCS_085', 'MACCS_110', 'MACCS_082', 'MACCS_146', 'MACCS_088', 'MACCS_159', 'MACCS_123', 'MACCS_142', 'MACCS_065', 'MACCS_108', 'MACCS_136']
  R²=0.8374 (Δ+0.0521)  RMSE=0.3374 (Δ-0.0503)  MAE=0.2541 (Δ-0.0251)
[2026-04-21 14:25:10] Strategy B  top-X (N=129):
  Features selected (129): ['EState_VSA2', 'SlogP_VSA7', 'MinPartialCharge', 'fr_Al_OH', 'EState_VSA3', 'NumAliphaticHeterocycles', 'RingCount', 'VSA_EState7', 'MACCS_087', 'MolLogP', 'MACCS_103', 'NumRotatableBonds', 'NumHAcceptors', 'MACCS_107', 'SlogP_VSA8', 'BCUT2D_MWLOW', 'NumAromaticCarbocycles', 'fr_urea', 'TPSA', 'fr_aryl_methyl', 'MACCS_134', 'EState_VSA10', 'fr_Ar_COO', 'BertzCT', 'EState_VSA9', 'fr_C_O_noCOO', 'NHOHCount', 'MinEStateIndex', 'MaxEStateIndex', 'fr_C_O', 'EState_VSA7', 'fr_methoxy', 'fr_amide', 'SMR_VSA1', 'Chi3n', 'PEOE_VSA11', 'EState_VSA5', 'MaxPartialCharge', 'VSA_EState4', 'fr_Al_COO', 'Kappa2', 'BCUT2D_MRLOW', 'SlogP_VSA5', 'NumAliphaticRings', 'fr_ArN', 'PEOE_VSA8', 'SMR_VSA5', 'SlogP_VSA1', 'PEOE_VSA6', 'NumSaturatedCarbocycles', 'SMR_VSA10', 'PEOE_VSA1', 'fr_allylic_oxid', 'PEOE_VSA2', 'MinAbsPartialCharge', 'PEOE_VSA9', 'SlogP_VSA2', 'Kappa3', 'Chi0n', 'fr_unbrch_alkane', 'fr_furan', 'fr_bicyclic', 'VSA_EState2', 'fr_aniline', 'VSA_EState5', 'fr_COO', 'MACCS_164', 'SlogP_VSA12', 'NumHeteroatoms', 'fr_pyridine', 'NumValenceElectrons', 'VSA_EState8', 'Chi3v', 'MACCS_162', 'MACCS_057', 'EState_VSA1', 'fr_ether', 'VSA_EState1', 'PEOE_VSA14', 'MACCS_137', 'MACCS_112', 'EState_VSA4', 'BalabanJ', 'MACCS_109', 'MACCS_120', 'fr_NH0', 'SMR_VSA3', 'MACCS_099', 'MACCS_129', 'MACCS_098', 'SlogP_VSA3', 'MACCS_072', 'MACCS_067', 'SlogP_VSA4', 'MACCS_128', 'MACCS_148', 'MACCS_101', 'PEOE_VSA3', 'fr_para_hydroxylation', 'MACCS_106', 'MACCS_132', 'NumAliphaticCarbocycles', 'MACCS_081', 'fr_ester', 'MACCS_014', 'MACCS_074', 'MACCS_034', 'MACCS_153', 'fr_Ar_N', 'MACCS_130', 'Kappa1', 'MACCS_062', 'MACCS_096', 'MACCS_118', 'MACCS_122', 'MACCS_151', 'MACCS_029', 'MACCS_077', 'MACCS_085', 'MACCS_110', 'MACCS_082', 'MACCS_146', 'MACCS_088', 'MACCS_159', 'MACCS_123', 'MACCS_142', 'MACCS_065', 'MACCS_108', 'MACCS_136']
  R²=0.8374 (Δ+0.0521)  RMSE=0.3374 (Δ-0.0503)  MAE=0.2541 (Δ-0.0251)
[2026-04-21 14:25:10] Strategy C  top-N pca99 (N=55):
  Features selected (55): ['EState_VSA2', 'SlogP_VSA7', 'MinPartialCharge', 'fr_Al_OH', 'EState_VSA3', 'NumAliphaticHeterocycles', 'RingCount', 'VSA_EState7', 'MACCS_087', 'MolLogP', 'MACCS_103', 'NumRotatableBonds', 'NumHAcceptors', 'MACCS_107', 'SlogP_VSA8', 'BCUT2D_MWLOW', 'NumAromaticCarbocycles', 'fr_urea', 'TPSA', 'fr_aryl_methyl', 'MACCS_134', 'EState_VSA10', 'fr_Ar_COO', 'BertzCT', 'EState_VSA9', 'fr_C_O_noCOO', 'NHOHCount', 'MinEStateIndex', 'MaxEStateIndex', 'fr_C_O', 'EState_VSA7', 'fr_methoxy', 'fr_amide', 'SMR_VSA1', 'Chi3n', 'PEOE_VSA11', 'EState_VSA5', 'MaxPartialCharge', 'VSA_EState4', 'fr_Al_COO', 'Kappa2', 'BCUT2D_MRLOW', 'SlogP_VSA5', 'NumAliphaticRings', 'fr_ArN', 'PEOE_VSA8', 'SMR_VSA5', 'SlogP_VSA1', 'PEOE_VSA6', 'NumSaturatedCarbocycles', 'SMR_VSA10', 'PEOE_VSA1', 'fr_allylic_oxid', 'PEOE_VSA2', 'MinAbsPartialCharge']
  R²=0.8363 (Δ+0.0511)  RMSE=0.3385 (Δ-0.0492)  MAE=0.2593 (Δ-0.0200)
[2026-04-21 14:25:10] 
[2026-04-21 14:25:10] Strategy D  RFE (LinearSVR selector → RBF SVR evaluator):
[2026-04-21 14:25:29]   RFE selector: LinearSVR, n_features_to_select=129
  Features selected (129): ['MaxEStateIndex', 'MinEStateIndex', 'MinAbsEStateIndex', 'MaxPartialCharge', 'MinPartialCharge', 'MinAbsPartialCharge', 'BCUT2D_MWLOW', 'BCUT2D_CHGHI', 'BCUT2D_CHGLO', 'BCUT2D_LOGPHI', 'BCUT2D_LOGPLOW', 'BalabanJ', 'BertzCT', 'Chi3n', 'Chi3v', 'HallKierAlpha', 'Ipc', 'Kappa2', 'Kappa3', 'PEOE_VSA10', 'PEOE_VSA11', 'PEOE_VSA13', 'PEOE_VSA14', 'PEOE_VSA2', 'PEOE_VSA5', 'PEOE_VSA8', 'PEOE_VSA9', 'SMR_VSA1', 'SMR_VSA3', 'SMR_VSA6', 'SMR_VSA9', 'SlogP_VSA1', 'SlogP_VSA10', 'SlogP_VSA11', 'SlogP_VSA12', 'SlogP_VSA2', 'SlogP_VSA4', 'SlogP_VSA8', 'TPSA', 'EState_VSA10', 'EState_VSA2', 'EState_VSA3', 'EState_VSA4', 'EState_VSA5', 'EState_VSA9', 'VSA_EState1', 'VSA_EState2', 'VSA_EState3', 'VSA_EState4', 'VSA_EState9', 'FractionCSP3', 'NHOHCount', 'NumAliphaticCarbocycles', 'NumAliphaticHeterocycles', 'NumAliphaticRings', 'NumAromaticCarbocycles', 'NumHAcceptors', 'NumSaturatedCarbocycles', 'RingCount', 'fr_Al_OH', 'fr_ArN', 'fr_Ar_N', 'fr_C_O_noCOO', 'fr_NH0', 'fr_NH1', 'fr_alkyl_halide', 'fr_bicyclic', 'fr_ester', 'fr_ether', 'fr_furan', 'fr_methoxy', 'fr_para_hydroxylation', 'fr_pyridine', 'fr_unbrch_alkane', 'fr_urea', 'MACCS_028', 'MACCS_034', 'MACCS_046', 'MACCS_050', 'MACCS_057', 'MACCS_062', 'MACCS_066', 'MACCS_072', 'MACCS_074', 'MACCS_076', 'MACCS_081', 'MACCS_082', 'MACCS_083', 'MACCS_087', 'MACCS_090', 'MACCS_093', 'MACCS_098', 'MACCS_101', 'MACCS_102', 'MACCS_103', 'MACCS_104', 'MACCS_107', 'MACCS_108', 'MACCS_109', 'MACCS_110', 'MACCS_112', 'MACCS_115', 'MACCS_116', 'MACCS_120', 'MACCS_122', 'MACCS_124', 'MACCS_125', 'MACCS_128', 'MACCS_130', 'MACCS_133', 'MACCS_134', 'MACCS_136', 'MACCS_137', 'MACCS_138', 'MACCS_140', 'MACCS_142', 'MACCS_144', 'MACCS_146', 'MACCS_148', 'MACCS_149', 'MACCS_152', 'MACCS_153', 'MACCS_157', 'MACCS_159', 'MACCS_160', 'MACCS_162', 'MACCS_163', 'MACCS_164', 'MACCS_165']
  R²=0.7635 (Δ-0.0217)  RMSE=0.4068 (Δ+0.0191)  MAE=0.2914 (Δ+0.0121)
[2026-04-21 14:25:29] 
[2026-04-21 14:25:29] Summary (sorted by R², descending):
[2026-04-21 14:25:29]   Strategy                            N feats       R²     RMSE      MAE
[2026-04-21 14:25:29]   Baseline (all features)                 199   0.7853   0.3877   0.2793
[2026-04-21 14:25:29]   A  top-SVR (importance>0)               129   0.8374   0.3374   0.2541
[2026-04-21 14:25:29]   B  top-X (N=129)                        129   0.8374   0.3374   0.2541
[2026-04-21 14:25:29]   C  top-N pca99 (N=55)                    55   0.8363   0.3385   0.2593
[2026-04-21 14:25:29]   D  RFE (LinearSVR→RBF)                  129   0.7635   0.4068   0.2914
[2026-04-21 14:25:29] 
[2026-04-21 14:25:29] Winner: A  top-SVR (importance>0)  (N=129, R²=0.8374, RMSE=0.3374, MAE=0.2541)
============================================================
[2026-04-21 14:25:29]   Feature Reduction — Final Model
============================================================
[2026-04-21 14:25:29] 
5-Fold Cross-Validation Results:
[2026-04-21 14:25:29]   R² (CV): 0.7918 (+/- 0.1204)
[2026-04-21 14:25:29]   MSE (CV): 0.1244 (+/- 0.0523)
[2026-04-21 14:25:29]   MAE (CV): 0.2458 (+/- 0.0356)
[2026-04-21 14:25:29] Final model CV (5-fold on training set, reduced features):
  R² (CV): 0.7918 (+/- 0.1204)
  RMSE (log10, CV): 0.3527 (+/- 0.2286)
  MAE (CV): 0.2458
[2026-04-21 14:25:29] Final model test set:
  RMSE (log10): 0.3374  MAE (log10): 0.2541
  RMSE (days):  394.49   MAE (days):  154.30
[2026-04-21 14:25:29] Model saved to /Users/a/dev/WP3biodegradability/t_half/models/SVR_soil_vega_20260421_142529.joblib
[2026-04-21 14:25:29] Parameters saved to /Users/a/dev/WP3biodegradability/t_half/models/SVR_soil_vega_20260421_142529.json
[2026-04-21 14:25:29] 
Learning Curve Analysis
[2026-04-21 14:25:29] Training sizes evaluated: [17, 34, 51, 68, 85, 102, 119, 136, 153, 171]
[2026-04-21 14:25:29] Final performance with 171 training samples:
[2026-04-21 14:25:29]   Training R²: 0.9852 (+/- 0.0008)
[2026-04-21 14:25:29]   Validation R²: 0.6666 (+/- 0.1444)
[2026-04-21 14:25:29] Interpretation: Curves are still improving - more data may help
[2026-04-21 14:25:29] Learning curve plot saved to /Users/a/dev/WP3biodegradability/t_half/logs/soil_vega/20260421_142502/learning_curve_soil.png
[2026-04-21 14:25:29] Overfitting gap plot saved to /Users/a/dev/WP3biodegradability/t_half/logs/soil_vega/20260421_142502/overfitting_gap_soil.png
[2026-04-21 14:25:29] True vs Predicted plot saved to /Users/a/dev/WP3biodegradability/t_half/logs/soil_vega/20260421_142502/true_vs_pred_soil.png
[2026-04-21 14:25:29] True vs Predicted (≤100) plot saved to /Users/a/dev/WP3biodegradability/t_half/logs/soil_vega/20260421_142502/true_vs_pred_100_soil.png
[2026-04-21 14:25:30] Feature importance plot saved to /Users/a/dev/WP3biodegradability/t_half/logs/soil_vega/20260421_142502/feature_importance_soil_reduced.png
[2026-04-21 14:25:30] Residuals vs Predicted: no significant monotonic trend (rho=0.25, p=0.066)
[2026-04-21 14:25:30] Residuals vs Predicted plot saved to /Users/a/dev/WP3biodegradability/t_half/logs/soil_vega/20260421_142502/residuals/residuals_vs_pred_soil_reduced.png
[2026-04-21 14:25:30] Q-Q plot of residuals saved to /Users/a/dev/WP3biodegradability/t_half/logs/soil_vega/20260421_142502/residuals/qqplot_residuals_soil_reduced.png
[2026-04-21 14:25:30] Residual histogram plot saved to /Users/a/dev/WP3biodegradability/t_half/logs/soil_vega/20260421_142502/residuals/residual_hist_soil_reduced.png
[2026-04-21 14:25:30]   MinPartialCharge: no significant monotonic trend (rho=0.18, p=0.194); homoscedastic (Levene p=0.857)
[2026-04-21 14:25:30]   Plot saved: /Users/a/dev/WP3biodegradability/t_half/logs/soil_vega/20260421_142502/residuals/residuals_vs_MinPartialCharge_soil_reduced.png
[2026-04-21 14:25:30]   PEOE_VSA11: no significant monotonic trend (rho=0.14, p=0.316); homoscedastic (Levene p=0.858)
[2026-04-21 14:25:30]   Plot saved: /Users/a/dev/WP3biodegradability/t_half/logs/soil_vega/20260421_142502/residuals/residuals_vs_PEOE_VSA11_soil_reduced.png
[2026-04-21 14:25:30]   EState_VSA2: no significant monotonic trend (rho=-0.01, p=0.954); homoscedastic (Levene p=0.369)
[2026-04-21 14:25:30]   Plot saved: /Users/a/dev/WP3biodegradability/t_half/logs/soil_vega/20260421_142502/residuals/residuals_vs_EState_VSA2_soil_reduced.png
[2026-04-21 14:25:30]   MaxEStateIndex: no significant monotonic trend (rho=-0.18, p=0.204); homoscedastic (Levene p=0.942)
[2026-04-21 14:25:31]   Plot saved: /Users/a/dev/WP3biodegradability/t_half/logs/soil_vega/20260421_142502/residuals/residuals_vs_MaxEStateIndex_soil_reduced.png
[2026-04-21 14:25:31]   MACCS_087: no significant monotonic trend (rho=0.24, p=0.078); homoscedastic (Levene p=0.490)
[2026-04-21 14:25:31]   Plot saved: /Users/a/dev/WP3biodegradability/t_half/logs/soil_vega/20260421_142502/residuals/residuals_vs_MACCS_087_soil_reduced.png
[2026-04-21 14:25:31]   NumAliphaticHeterocycles: no significant monotonic trend (rho=0.09, p=0.514); homoscedastic (Levene p=0.507)
[2026-04-21 14:25:31]   Plot saved: /Users/a/dev/WP3biodegradability/t_half/logs/soil_vega/20260421_142502/residuals/residuals_vs_NumAliphaticHeterocycles_soil_reduced.png
[2026-04-21 14:25:31]   NHOHCount: no significant monotonic trend (rho=-0.17, p=0.229); homoscedastic (Levene p=0.959)
[2026-04-21 14:25:31]   Plot saved: /Users/a/dev/WP3biodegradability/t_half/logs/soil_vega/20260421_142502/residuals/residuals_vs_NHOHCount_soil_reduced.png
[2026-04-21 14:25:31]   fr_Al_OH: no significant monotonic trend (rho=0.01, p=0.924); homoscedastic (Levene p=nan)
[2026-04-21 14:25:31]   Plot saved: /Users/a/dev/WP3biodegradability/t_half/logs/soil_vega/20260421_142502/residuals/residuals_vs_fr_Al_OH_soil_reduced.png
[2026-04-21 14:25:31]   EState_VSA9: no significant monotonic trend (rho=0.21, p=0.119); homoscedastic (Levene p=0.241)
[2026-04-21 14:25:31]   Plot saved: /Users/a/dev/WP3biodegradability/t_half/logs/soil_vega/20260421_142502/residuals/residuals_vs_EState_VSA9_soil_reduced.png
[2026-04-21 14:25:31]   VSA_EState7: no significant monotonic trend (rho=-0.09, p=0.519); homoscedastic (Levene p=0.999)
[2026-04-21 14:25:31]   Plot saved: /Users/a/dev/WP3biodegradability/t_half/logs/soil_vega/20260421_142502/residuals/residuals_vs_VSA_EState7_soil_reduced.png
[2026-04-21 14:25:31] 
[2026-04-21 14:25:31] Feature Reduction Recommendations (top-10 permutation features):
[2026-04-21 14:25:31] ----------------------------------------------------------------------
[2026-04-21 14:25:31]   MinPartialCharge: OK — no systematic trend or heteroscedasticity detected; retain as-is.
[2026-04-21 14:25:31]   PEOE_VSA11: OK — no systematic trend or heteroscedasticity detected; retain as-is.
[2026-04-21 14:25:31]   EState_VSA2: OK — no systematic trend or heteroscedasticity detected; retain as-is.
[2026-04-21 14:25:31]   MaxEStateIndex: OK — no systematic trend or heteroscedasticity detected; retain as-is.
[2026-04-21 14:25:31]   MACCS_087: OK — no systematic trend or heteroscedasticity detected; retain as-is.
[2026-04-21 14:25:31]   NumAliphaticHeterocycles: OK — no systematic trend or heteroscedasticity detected; retain as-is.
[2026-04-21 14:25:31]   NHOHCount: OK — no systematic trend or heteroscedasticity detected; retain as-is.
[2026-04-21 14:25:31]   fr_Al_OH: OK — no systematic trend or heteroscedasticity detected; retain as-is.
[2026-04-21 14:25:31]   EState_VSA9: OK — no systematic trend or heteroscedasticity detected; retain as-is.
[2026-04-21 14:25:31]   VSA_EState7: OK — no systematic trend or heteroscedasticity detected; retain as-is.
[2026-04-21 14:25:31] 
[2026-04-21 14:25:31] 
[2026-04-21 14:25:31] PCA dimensionality estimate: 29 components explain ≥95% variance (out of 129 features).
[2026-04-21 14:25:31] PCA dimensionality estimate: 46 components explain ≥99% variance (out of 129 features).
[2026-04-21 14:25:31] Test coverage inside training bounding box: 96.3%
[2026-04-21 14:25:31] PCA explained variance: PC1=0.164, PC2=0.120
============================================================
[2026-04-21 14:25:31]   Applicability Domain Analysis
============================================================
[2026-04-21 14:25:31] h* threshold : 2.4188
[2026-04-21 14:25:31] Train inside AD : 99.4%
[2026-04-21 14:25:31] Test  inside AD : 40.7%
[2026-04-21 14:25:31] AD-outside test compounds (n=32)
[2026-04-21 14:25:31] Butina clusters: 29, singletons: 26 (81.2%)
============================================================
[2026-04-21 14:25:31]   Chemical Structure Analysis (Sections 1-4)
============================================================
[2026-04-21 14:25:31] Section 1: Scaffold Analysis
[2026-04-21 14:25:31]   Total scaffolds: 13
[2026-04-21 14:25:31]   Singletons: 8
[2026-04-21 14:25:31]   Top scaffold coverage: 37.0%
[2026-04-21 14:25:31]   Dominance flag: False
[2026-04-21 14:25:31]   Scaffolds for 90% coverage: 8
[2026-04-21 14:25:31] Section 2: Substituent Analysis
[2026-04-21 14:25:31]   Error: No R-groups identified
[2026-04-21 14:25:31] Section 3: Fragment Analysis
[2026-04-21 14:25:31]   Total fragments: 92
[2026-04-21 14:25:31]   Unique fragments: 65
[2026-04-21 14:25:31]   Outlier fragments: 0
[2026-04-21 14:25:31] Section 4: Chemistry Consistency Check
[2026-04-21 14:25:31]   Descriptor map entries: 17
[2026-04-21 14:25:31]   Motifs analyzed: 4
[2026-04-21 14:25:31]   Scaffold-driven AD violations: True
[2026-04-21 14:25:31] Chemistry analysis complete. Output: /Users/a/dev/WP3biodegradability/t_half/logs/soil_vega/20260421_142502/chemistry_analysis
