[2026-04-21 14:13:08] SVR Model and Analysis
============================================================
[2026-04-21 14:13:08]   Preprocessor class
============================================================
[2026-04-21 14:13:08] Dataset X and y shapes before preprocessing: X=673, y=673
[2026-04-21 14:13:08] Columns to drop: ['None']
[2026-04-21 14:13:08] name: AirData
[2026-04-21 14:13:08] remove_outliers: True
[2026-04-21 14:13:08] Dataset X and y shapes after preprocessing: X=630, y_log=630
============================================================
[2026-04-21 14:13:08]   Model section
============================================================
[2026-04-21 14:13:08] Performing 5-fold cross-validation
[2026-04-21 14:15:21] Best hyperparameters from grid search: {'C': 1, 'epsilon': 0.2, 'gamma': 'auto', 'kernel': 'rbf'}
[2026-04-21 14:15:21] 
5-Fold Cross-Validation Results:
[2026-04-21 14:15:21]   R² (CV): 0.4147 (+/- 0.0847)
[2026-04-21 14:15:21]   MSE (CV): 0.3651 (+/- 0.0595)
[2026-04-21 14:15:21]   MAE (CV): 0.4271 (+/- 0.0216)
[2026-04-21 14:15:21] 
============================================================
[2026-04-21 14:15:21] FINAL RESULTS SUMMARY
[2026-04-21 14:15:21] ============================================================
[2026-04-21 14:15:21] Test size: 0.25
[2026-04-21 14:15:21] SVR hyperparameters: {'C': 1, 'epsilon': 0.2, 'gamma': 'auto', 'kernel': 'rbf'}
[2026-04-21 14:15:21] 
Cross-validation performance (5 folds):
[2026-04-21 14:15:21]   R² (CV): 0.4147 (+/- 0.0847)
[2026-04-21 14:15:21] 
Held-out test set performance:
[2026-04-21 14:15:21] {'R2': 0.4151821758225104, 'MAE': 53.97481287951952, 'MSE': 44822.42912961981, 'RMSE': 211.71308209371432, 'Explained Variance': 0.437181883535797}
[2026-04-21 14:15:21] ============================================================
============================================================
[2026-04-21 14:15:21]   Model Analysis
============================================================
[2026-04-21 14:15:31] Feature importance plot saved to /Users/a/dev/WP3biodegradability/t_half/logs/water_hsbd/20260421_141308/feature_importance_water.png
[2026-04-21 14:15:31] Residuals vs Predicted: no significant monotonic trend (rho=-0.10, p=0.226)
[2026-04-21 14:15:31] Residuals vs Predicted plot saved to /Users/a/dev/WP3biodegradability/t_half/logs/water_hsbd/20260421_141308/residuals/residuals_vs_pred_water.png
[2026-04-21 14:15:31] Q-Q plot of residuals saved to /Users/a/dev/WP3biodegradability/t_half/logs/water_hsbd/20260421_141308/residuals/qqplot_residuals_water.png
[2026-04-21 14:15:31] Residual histogram plot saved to /Users/a/dev/WP3biodegradability/t_half/logs/water_hsbd/20260421_141308/residuals/residual_hist_water.png
[2026-04-21 14:15:31]   fr_Imine: no significant monotonic trend (rho=0.08, p=0.311); homoscedastic (Levene p=0.849)
[2026-04-21 14:15:31]   Plot saved: /Users/a/dev/WP3biodegradability/t_half/logs/water_hsbd/20260421_141308/residuals/residuals_vs_fr_Imine_water.png
[2026-04-21 14:15:31]   fr_methoxy: no significant monotonic trend (rho=0.02, p=0.803); heteroscedastic (Levene p=0.027)
[2026-04-21 14:15:31]   Plot saved: /Users/a/dev/WP3biodegradability/t_half/logs/water_hsbd/20260421_141308/residuals/residuals_vs_fr_methoxy_water.png
[2026-04-21 14:15:31]   BCUT2D_MRLOW: no significant monotonic trend (rho=0.04, p=0.606); homoscedastic (Levene p=0.881)
[2026-04-21 14:15:31]   Plot saved: /Users/a/dev/WP3biodegradability/t_half/logs/water_hsbd/20260421_141308/residuals/residuals_vs_BCUT2D_MRLOW_water.png
[2026-04-21 14:15:31]   fr_NH2: no significant monotonic trend (rho=-0.04, p=0.606); homoscedastic (Levene p=0.908)
[2026-04-21 14:15:31]   Plot saved: /Users/a/dev/WP3biodegradability/t_half/logs/water_hsbd/20260421_141308/residuals/residuals_vs_fr_NH2_water.png
[2026-04-21 14:15:31]   SlogP_VSA8: no significant monotonic trend (rho=0.07, p=0.394); homoscedastic (Levene p=0.758)
[2026-04-21 14:15:31]   Plot saved: /Users/a/dev/WP3biodegradability/t_half/logs/water_hsbd/20260421_141308/residuals/residuals_vs_SlogP_VSA8_water.png
[2026-04-21 14:15:31]   EState_VSA7: no significant monotonic trend (rho=0.11, p=0.155); heteroscedastic (Levene p=0.000)
[2026-04-21 14:15:31]   Plot saved: /Users/a/dev/WP3biodegradability/t_half/logs/water_hsbd/20260421_141308/residuals/residuals_vs_EState_VSA7_water.png
[2026-04-21 14:15:31]   BCUT2D_MWHI: no significant monotonic trend (rho=-0.03, p=0.755); heteroscedastic (Levene p=0.001)
[2026-04-21 14:15:31]   Plot saved: /Users/a/dev/WP3biodegradability/t_half/logs/water_hsbd/20260421_141308/residuals/residuals_vs_BCUT2D_MWHI_water.png
[2026-04-21 14:15:31]   PEOE_VSA7: no significant monotonic trend (rho=0.01, p=0.873); homoscedastic (Levene p=0.918)
[2026-04-21 14:15:31]   Plot saved: /Users/a/dev/WP3biodegradability/t_half/logs/water_hsbd/20260421_141308/residuals/residuals_vs_PEOE_VSA7_water.png
[2026-04-21 14:15:31]   NHOHCount: no significant monotonic trend (rho=-0.03, p=0.711); homoscedastic (Levene p=0.333)
[2026-04-21 14:15:31]   Plot saved: /Users/a/dev/WP3biodegradability/t_half/logs/water_hsbd/20260421_141308/residuals/residuals_vs_NHOHCount_water.png
[2026-04-21 14:15:31]   SlogP_VSA12: no significant monotonic trend (rho=-0.01, p=0.922); heteroscedastic (Levene p=0.002)
[2026-04-21 14:15:31]   Plot saved: /Users/a/dev/WP3biodegradability/t_half/logs/water_hsbd/20260421_141308/residuals/residuals_vs_SlogP_VSA12_water.png
[2026-04-21 14:15:31] 
[2026-04-21 14:15:31] Feature Reduction Recommendations (top-10 permutation features):
[2026-04-21 14:15:31] ----------------------------------------------------------------------
[2026-04-21 14:15:31]   fr_Imine: OK — no systematic trend or heteroscedasticity detected; retain as-is.
[2026-04-21 14:15:31]   fr_methoxy: HETEROSCEDASTIC (Levene p=0.027) — error variance changes across feature range; consider robust scaling or binning.
[2026-04-21 14:15:31]   BCUT2D_MRLOW: OK — no systematic trend or heteroscedasticity detected; retain as-is.
[2026-04-21 14:15:31]   fr_NH2: OK — no systematic trend or heteroscedasticity detected; retain as-is.
[2026-04-21 14:15:31]   SlogP_VSA8: OK — no systematic trend or heteroscedasticity detected; retain as-is.
[2026-04-21 14:15:31]   EState_VSA7: HETEROSCEDASTIC (Levene p=0.000) — error variance changes across feature range; consider robust scaling or binning.
[2026-04-21 14:15:31]   BCUT2D_MWHI: HETEROSCEDASTIC (Levene p=0.001) — error variance changes across feature range; consider robust scaling or binning.
[2026-04-21 14:15:31]   PEOE_VSA7: OK — no systematic trend or heteroscedasticity detected; retain as-is.
[2026-04-21 14:15:31]   NHOHCount: OK — no systematic trend or heteroscedasticity detected; retain as-is.
[2026-04-21 14:15:31]   SlogP_VSA12: HETEROSCEDASTIC (Levene p=0.002) — error variance changes across feature range; consider robust scaling or binning.
[2026-04-21 14:15:31] 
[2026-04-21 14:15:31] 
[2026-04-21 14:15:31] PCA dimensionality estimate: 52 components explain ≥95% variance (out of 246 features).
[2026-04-21 14:15:31] PCA dimensionality estimate: 87 components explain ≥99% variance (out of 246 features).
============================================================
[2026-04-21 14:15:31]   Feature Reduction — Strategy Comparison
============================================================
[2026-04-21 14:15:31] Baseline (full feature set, 246 features): R²=0.3278  RMSE=0.6914  MAE=0.4475
[2026-04-21 14:15:31] ----------------------------------------------------------------------
[2026-04-21 14:15:31] Strategy A  top-SVR (importance>0):
  Features selected (144): ['fr_Imine', 'fr_methoxy', 'BCUT2D_MRLOW', 'fr_NH2', 'SlogP_VSA8', 'EState_VSA7', 'BCUT2D_MWHI', 'PEOE_VSA7', 'NHOHCount', 'SlogP_VSA12', 'fr_ArN', 'EState_VSA2', 'BCUT2D_LOGPHI', 'MolLogP', 'fr_halogen', 'fr_NH1', 'SlogP_VSA7', 'SMR_VSA9', 'TPSA', 'fr_amide', 'SMR_VSA10', 'fr_unbrch_alkane', 'NumSaturatedCarbocycles', 'BCUT2D_MRHI', 'fr_Ar_NH', 'fr_oxime', 'fr_Al_OH', 'EState_VSA9', 'Chi2v', 'fr_pyridine', 'VSA_EState2', 'fr_C_O', 'NumHAcceptors', 'EState_VSA10', 'fr_C_O_noCOO', 'PEOE_VSA3', 'fr_amidine', 'Chi3v', 'FractionCSP3', 'EState_VSA1', 'NumAliphaticCarbocycles', 'MinPartialCharge', 'VSA_EState4', 'PEOE_VSA8', 'SlogP_VSA1', 'fr_furan', 'MolWt', 'PEOE_VSA1', 'EState_VSA6', 'fr_bicyclic', 'SlogP_VSA4', 'SMR_VSA3', 'fr_ketone', 'MACCS_160', 'fr_Ar_N', 'MaxEStateIndex', 'SlogP_VSA2', 'VSA_EState9', 'SMR_VSA1', 'PEOE_VSA9', 'EState_VSA3', 'Chi4n', 'fr_thiophene', 'MACCS_087', 'MACCS_164', 'RingCount', 'VSA_EState5', 'MACCS_110', 'fr_aldehyde', 'fr_Al_COO', 'NumAromaticCarbocycles', 'qed', 'BCUT2D_MWLOW', 'fr_nitro_arom_nonortho', 'MACCS_126', 'PEOE_VSA2', 'MACCS_116', 'Chi2n', 'PEOE_VSA6', 'MACCS_092', 'MACCS_124', 'MACCS_102', 'SMR_VSA5', 'MACCS_063', 'MACCS_071', 'SMR_VSA7', 'PEOE_VSA5', 'MACCS_094', 'MACCS_078', 'NumHeteroatoms', 'fr_phos_acid', 'MACCS_062', 'SlogP_VSA11', 'MACCS_119', 'MACCS_096', 'MACCS_156', 'MACCS_076', 'MACCS_093', 'MACCS_049', 'MACCS_081', 'MACCS_149', 'VSA_EState8', 'MACCS_048', 'MACCS_024', 'MACCS_153', 'MACCS_131', 'fr_nitro', 'MACCS_158', 'MACCS_108', 'MACCS_121', 'MACCS_097', 'MACCS_098', 'MACCS_021', 'MACCS_077', 'MACCS_066', 'MACCS_080', 'MACCS_106', 'MACCS_056', 'MACCS_029', 'MACCS_050', 'MACCS_104', 'MACCS_091', 'MACCS_065', 'MACCS_136', 'MACCS_067', 'MACCS_165', 'MACCS_114', 'MACCS_043', 'MACCS_082', 'MACCS_152', 'MACCS_054', 'MACCS_095', 'MACCS_120', 'Kappa3', 'MACCS_038', 'MACCS_123', 'MACCS_151', 'MACCS_053', 'Kappa2', 'MACCS_025', 'MACCS_146', 'MACCS_132', 'HallKierAlpha', 'MACCS_023']
  R²=0.4402 (Δ+0.1124)  RMSE=0.6309 (Δ-0.0605)  MAE=0.4123 (Δ-0.0352)
[2026-04-21 14:15:31] Strategy B  top-X (N=144):
  Features selected (144): ['fr_Imine', 'fr_methoxy', 'BCUT2D_MRLOW', 'fr_NH2', 'SlogP_VSA8', 'EState_VSA7', 'BCUT2D_MWHI', 'PEOE_VSA7', 'NHOHCount', 'SlogP_VSA12', 'fr_ArN', 'EState_VSA2', 'BCUT2D_LOGPHI', 'MolLogP', 'fr_halogen', 'fr_NH1', 'SlogP_VSA7', 'SMR_VSA9', 'TPSA', 'fr_amide', 'SMR_VSA10', 'fr_unbrch_alkane', 'NumSaturatedCarbocycles', 'BCUT2D_MRHI', 'fr_Ar_NH', 'fr_oxime', 'fr_Al_OH', 'EState_VSA9', 'Chi2v', 'fr_pyridine', 'VSA_EState2', 'fr_C_O', 'NumHAcceptors', 'EState_VSA10', 'fr_C_O_noCOO', 'PEOE_VSA3', 'fr_amidine', 'Chi3v', 'FractionCSP3', 'EState_VSA1', 'NumAliphaticCarbocycles', 'MinPartialCharge', 'VSA_EState4', 'PEOE_VSA8', 'SlogP_VSA1', 'fr_furan', 'MolWt', 'PEOE_VSA1', 'EState_VSA6', 'fr_bicyclic', 'SlogP_VSA4', 'SMR_VSA3', 'fr_ketone', 'MACCS_160', 'fr_Ar_N', 'MaxEStateIndex', 'SlogP_VSA2', 'VSA_EState9', 'SMR_VSA1', 'PEOE_VSA9', 'EState_VSA3', 'Chi4n', 'fr_thiophene', 'MACCS_087', 'MACCS_164', 'RingCount', 'VSA_EState5', 'MACCS_110', 'fr_aldehyde', 'fr_Al_COO', 'NumAromaticCarbocycles', 'qed', 'BCUT2D_MWLOW', 'fr_nitro_arom_nonortho', 'MACCS_126', 'PEOE_VSA2', 'MACCS_116', 'Chi2n', 'PEOE_VSA6', 'MACCS_092', 'MACCS_124', 'MACCS_102', 'SMR_VSA5', 'MACCS_063', 'MACCS_071', 'SMR_VSA7', 'PEOE_VSA5', 'MACCS_094', 'MACCS_078', 'NumHeteroatoms', 'fr_phos_acid', 'MACCS_062', 'SlogP_VSA11', 'MACCS_119', 'MACCS_096', 'MACCS_156', 'MACCS_076', 'MACCS_093', 'MACCS_049', 'MACCS_081', 'MACCS_149', 'VSA_EState8', 'MACCS_048', 'MACCS_024', 'MACCS_153', 'MACCS_131', 'fr_nitro', 'MACCS_158', 'MACCS_108', 'MACCS_121', 'MACCS_097', 'MACCS_098', 'MACCS_021', 'MACCS_077', 'MACCS_066', 'MACCS_080', 'MACCS_106', 'MACCS_056', 'MACCS_029', 'MACCS_050', 'MACCS_104', 'MACCS_091', 'MACCS_065', 'MACCS_136', 'MACCS_067', 'MACCS_165', 'MACCS_114', 'MACCS_043', 'MACCS_082', 'MACCS_152', 'MACCS_054', 'MACCS_095', 'MACCS_120', 'Kappa3', 'MACCS_038', 'MACCS_123', 'MACCS_151', 'MACCS_053', 'Kappa2', 'MACCS_025', 'MACCS_146', 'MACCS_132', 'HallKierAlpha', 'MACCS_023']
  R²=0.4402 (Δ+0.1124)  RMSE=0.6309 (Δ-0.0605)  MAE=0.4123 (Δ-0.0352)
[2026-04-21 14:15:31] Strategy C  top-N pca99 (N=87):
  Features selected (87): ['fr_Imine', 'fr_methoxy', 'BCUT2D_MRLOW', 'fr_NH2', 'SlogP_VSA8', 'EState_VSA7', 'BCUT2D_MWHI', 'PEOE_VSA7', 'NHOHCount', 'SlogP_VSA12', 'fr_ArN', 'EState_VSA2', 'BCUT2D_LOGPHI', 'MolLogP', 'fr_halogen', 'fr_NH1', 'SlogP_VSA7', 'SMR_VSA9', 'TPSA', 'fr_amide', 'SMR_VSA10', 'fr_unbrch_alkane', 'NumSaturatedCarbocycles', 'BCUT2D_MRHI', 'fr_Ar_NH', 'fr_oxime', 'fr_Al_OH', 'EState_VSA9', 'Chi2v', 'fr_pyridine', 'VSA_EState2', 'fr_C_O', 'NumHAcceptors', 'EState_VSA10', 'fr_C_O_noCOO', 'PEOE_VSA3', 'fr_amidine', 'Chi3v', 'FractionCSP3', 'EState_VSA1', 'NumAliphaticCarbocycles', 'MinPartialCharge', 'VSA_EState4', 'PEOE_VSA8', 'SlogP_VSA1', 'fr_furan', 'MolWt', 'PEOE_VSA1', 'EState_VSA6', 'fr_bicyclic', 'SlogP_VSA4', 'SMR_VSA3', 'fr_ketone', 'MACCS_160', 'fr_Ar_N', 'MaxEStateIndex', 'SlogP_VSA2', 'VSA_EState9', 'SMR_VSA1', 'PEOE_VSA9', 'EState_VSA3', 'Chi4n', 'fr_thiophene', 'MACCS_087', 'MACCS_164', 'RingCount', 'VSA_EState5', 'MACCS_110', 'fr_aldehyde', 'fr_Al_COO', 'NumAromaticCarbocycles', 'qed', 'BCUT2D_MWLOW', 'fr_nitro_arom_nonortho', 'MACCS_126', 'PEOE_VSA2', 'MACCS_116', 'Chi2n', 'PEOE_VSA6', 'MACCS_092', 'MACCS_124', 'MACCS_102', 'SMR_VSA5', 'MACCS_063', 'MACCS_071', 'SMR_VSA7', 'PEOE_VSA5']
  R²=0.4354 (Δ+0.1077)  RMSE=0.6336 (Δ-0.0578)  MAE=0.4118 (Δ-0.0357)
[2026-04-21 14:15:31] 
[2026-04-21 14:15:31] Strategy D  RFE (LinearSVR selector → RBF SVR evaluator):
[2026-04-21 14:16:30]   RFE selector: LinearSVR, n_features_to_select=144
  Features selected (144): ['MinEStateIndex', 'MolWt', 'MaxPartialCharge', 'MinPartialCharge', 'BCUT2D_MWHI', 'BCUT2D_CHGHI', 'BCUT2D_LOGPHI', 'BCUT2D_LOGPLOW', 'BCUT2D_MRLOW', 'BertzCT', 'Chi3v', 'Chi4n', 'HallKierAlpha', 'Kappa2', 'PEOE_VSA12', 'PEOE_VSA13', 'PEOE_VSA14', 'PEOE_VSA6', 'PEOE_VSA9', 'SMR_VSA2', 'SMR_VSA3', 'SMR_VSA4', 'SMR_VSA6', 'SMR_VSA7', 'SMR_VSA9', 'SlogP_VSA10', 'SlogP_VSA11', 'SlogP_VSA3', 'SlogP_VSA4', 'SlogP_VSA6', 'SlogP_VSA7', 'TPSA', 'EState_VSA10', 'EState_VSA5', 'EState_VSA7', 'EState_VSA9', 'VSA_EState1', 'VSA_EState2', 'VSA_EState3', 'VSA_EState4', 'VSA_EState8', 'VSA_EState9', 'FractionCSP3', 'NumAliphaticCarbocycles', 'NumAromaticCarbocycles', 'NumHAcceptors', 'RingCount', 'MolLogP', 'fr_Al_OH', 'fr_Ar_NH', 'fr_C_O', 'fr_C_O_noCOO', 'fr_Imine', 'fr_NH0', 'fr_NH1', 'fr_Ndealkylation1', 'fr_alkyl_halide', 'fr_amide', 'fr_aniline', 'fr_bicyclic', 'fr_halogen', 'fr_ketone', 'fr_ketone_Topliss', 'fr_methoxy', 'fr_nitrile', 'fr_nitro', 'fr_oxime', 'fr_para_hydroxylation', 'fr_pyridine', 'fr_sulfide', 'fr_unbrch_alkane', 'MACCS_019', 'MACCS_021', 'MACCS_023', 'MACCS_029', 'MACCS_034', 'MACCS_037', 'MACCS_042', 'MACCS_046', 'MACCS_047', 'MACCS_048', 'MACCS_057', 'MACCS_059', 'MACCS_062', 'MACCS_067', 'MACCS_072', 'MACCS_073', 'MACCS_076', 'MACCS_078', 'MACCS_079', 'MACCS_080', 'MACCS_081', 'MACCS_082', 'MACCS_083', 'MACCS_085', 'MACCS_086', 'MACCS_087', 'MACCS_089', 'MACCS_092', 'MACCS_093', 'MACCS_094', 'MACCS_095', 'MACCS_096', 'MACCS_097', 'MACCS_098', 'MACCS_099', 'MACCS_100', 'MACCS_101', 'MACCS_103', 'MACCS_107', 'MACCS_108', 'MACCS_110', 'MACCS_111', 'MACCS_112', 'MACCS_113', 'MACCS_115', 'MACCS_119', 'MACCS_120', 'MACCS_121', 'MACCS_122', 'MACCS_124', 'MACCS_127', 'MACCS_131', 'MACCS_132', 'MACCS_133', 'MACCS_134', 'MACCS_136', 'MACCS_138', 'MACCS_139', 'MACCS_141', 'MACCS_142', 'MACCS_144', 'MACCS_145', 'MACCS_149', 'MACCS_153', 'MACCS_154', 'MACCS_155', 'MACCS_159', 'MACCS_160', 'MACCS_161', 'MACCS_162', 'MACCS_163', 'MACCS_164', 'MACCS_165']
  R²=0.3388 (Δ+0.0111)  RMSE=0.6857 (Δ-0.0057)  MAE=0.4438 (Δ-0.0037)
[2026-04-21 14:16:30] 
[2026-04-21 14:16:30] Summary (sorted by R², descending):
[2026-04-21 14:16:30]   Strategy                            N feats       R²     RMSE      MAE
[2026-04-21 14:16:30]   Baseline (all features)                 246   0.3278   0.6914   0.4475
[2026-04-21 14:16:30]   A  top-SVR (importance>0)               144   0.4402   0.6309   0.4123
[2026-04-21 14:16:30]   B  top-X (N=144)                        144   0.4402   0.6309   0.4123
[2026-04-21 14:16:30]   C  top-N pca99 (N=87)                    87   0.4354   0.6336   0.4118
[2026-04-21 14:16:30]   D  RFE (LinearSVR→RBF)                  144   0.3388   0.6857   0.4438
[2026-04-21 14:16:30] 
[2026-04-21 14:16:30] Winner: A  top-SVR (importance>0)  (N=144, R²=0.4402, RMSE=0.6309, MAE=0.4123)
============================================================
[2026-04-21 14:16:30]   Feature Reduction — Final Model
============================================================
[2026-04-21 14:16:30] 
5-Fold Cross-Validation Results:
[2026-04-21 14:16:30]   R² (CV): 0.4184 (+/- 0.0768)
[2026-04-21 14:16:30]   MSE (CV): 0.3627 (+/- 0.0540)
[2026-04-21 14:16:30]   MAE (CV): 0.4239 (+/- 0.0197)
[2026-04-21 14:16:30] Final model CV (5-fold on training set, reduced features):
  R² (CV): 0.4184 (+/- 0.0768)
  RMSE (log10, CV): 0.6023 (+/- 0.2323)
  MAE (CV): 0.4239
[2026-04-21 14:16:30] Final model test set:
  RMSE (log10): 0.6309  MAE (log10): 0.4123
  RMSE (days):  210.74   MAE (days):  53.18
[2026-04-21 14:16:30] Model saved to /Users/a/dev/WP3biodegradability/t_half/models/SVR_water_hsbd_20260421_141630.joblib
[2026-04-21 14:16:30] Parameters saved to /Users/a/dev/WP3biodegradability/t_half/models/SVR_water_hsbd_20260421_141630.json
[2026-04-21 14:16:30] 
Learning Curve Analysis
[2026-04-21 14:16:30] Training sizes evaluated: [50, 100, 151, 201, 252, 302, 352, 403, 453, 504]
[2026-04-21 14:16:30] Final performance with 504 training samples:
[2026-04-21 14:16:30]   Training R²: 0.6475 (+/- 0.0675)
[2026-04-21 14:16:30]   Validation R²: 0.2572 (+/- 0.2134)
[2026-04-21 14:16:30] Interpretation: Curves are still improving - more data may help
[2026-04-21 14:16:30] Learning curve plot saved to /Users/a/dev/WP3biodegradability/t_half/logs/water_hsbd/20260421_141308/learning_curve_water.png
[2026-04-21 14:16:30] Overfitting gap plot saved to /Users/a/dev/WP3biodegradability/t_half/logs/water_hsbd/20260421_141308/overfitting_gap_water.png
[2026-04-21 14:16:30] True vs Predicted plot saved to /Users/a/dev/WP3biodegradability/t_half/logs/water_hsbd/20260421_141308/true_vs_pred_water.png
[2026-04-21 14:16:30] True vs Predicted (≤100) plot saved to /Users/a/dev/WP3biodegradability/t_half/logs/water_hsbd/20260421_141308/true_vs_pred_100_water.png
[2026-04-21 14:16:34] Feature importance plot saved to /Users/a/dev/WP3biodegradability/t_half/logs/water_hsbd/20260421_141308/feature_importance_water_reduced.png
[2026-04-21 14:16:34] Residuals vs Predicted: no significant monotonic trend (rho=-0.03, p=0.730)
[2026-04-21 14:16:34] Residuals vs Predicted plot saved to /Users/a/dev/WP3biodegradability/t_half/logs/water_hsbd/20260421_141308/residuals/residuals_vs_pred_water_reduced.png
[2026-04-21 14:16:34] Q-Q plot of residuals saved to /Users/a/dev/WP3biodegradability/t_half/logs/water_hsbd/20260421_141308/residuals/qqplot_residuals_water_reduced.png
[2026-04-21 14:16:34] Residual histogram plot saved to /Users/a/dev/WP3biodegradability/t_half/logs/water_hsbd/20260421_141308/residuals/residual_hist_water_reduced.png
[2026-04-21 14:16:34]   fr_Imine: no significant monotonic trend (rho=0.02, p=0.779); homoscedastic (Levene p=0.857)
[2026-04-21 14:16:34]   Plot saved: /Users/a/dev/WP3biodegradability/t_half/logs/water_hsbd/20260421_141308/residuals/residuals_vs_fr_Imine_water_reduced.png
[2026-04-21 14:16:34]   EState_VSA7: no significant monotonic trend (rho=0.11, p=0.188); heteroscedastic (Levene p=0.001)
[2026-04-21 14:16:34]   Plot saved: /Users/a/dev/WP3biodegradability/t_half/logs/water_hsbd/20260421_141308/residuals/residuals_vs_EState_VSA7_water_reduced.png
[2026-04-21 14:16:34]   BCUT2D_MRLOW: no significant monotonic trend (rho=0.02, p=0.791); homoscedastic (Levene p=0.675)
[2026-04-21 14:16:34]   Plot saved: /Users/a/dev/WP3biodegradability/t_half/logs/water_hsbd/20260421_141308/residuals/residuals_vs_BCUT2D_MRLOW_water_reduced.png
[2026-04-21 14:16:34]   fr_amide: no significant monotonic trend (rho=0.10, p=0.233); homoscedastic (Levene p=0.255)
[2026-04-21 14:16:34]   Plot saved: /Users/a/dev/WP3biodegradability/t_half/logs/water_hsbd/20260421_141308/residuals/residuals_vs_fr_amide_water_reduced.png
[2026-04-21 14:16:34]   SlogP_VSA8: no significant monotonic trend (rho=0.05, p=0.572); homoscedastic (Levene p=0.852)
[2026-04-21 14:16:35]   Plot saved: /Users/a/dev/WP3biodegradability/t_half/logs/water_hsbd/20260421_141308/residuals/residuals_vs_SlogP_VSA8_water_reduced.png
[2026-04-21 14:16:35]   fr_methoxy: no significant monotonic trend (rho=0.00, p=0.967); homoscedastic (Levene p=0.071)
[2026-04-21 14:16:35]   Plot saved: /Users/a/dev/WP3biodegradability/t_half/logs/water_hsbd/20260421_141308/residuals/residuals_vs_fr_methoxy_water_reduced.png
[2026-04-21 14:16:35]   BCUT2D_MWHI: no significant monotonic trend (rho=-0.05, p=0.544); heteroscedastic (Levene p=0.002)
[2026-04-21 14:16:35]   Plot saved: /Users/a/dev/WP3biodegradability/t_half/logs/water_hsbd/20260421_141308/residuals/residuals_vs_BCUT2D_MWHI_water_reduced.png
[2026-04-21 14:16:35]   fr_halogen: no significant monotonic trend (rho=-0.06, p=0.450); heteroscedastic (Levene p=0.009)
[2026-04-21 14:16:35]   Plot saved: /Users/a/dev/WP3biodegradability/t_half/logs/water_hsbd/20260421_141308/residuals/residuals_vs_fr_halogen_water_reduced.png
[2026-04-21 14:16:35]   SlogP_VSA11: no significant monotonic trend (rho=0.07, p=0.374); homoscedastic (Levene p=0.743)
[2026-04-21 14:16:35]   Plot saved: /Users/a/dev/WP3biodegradability/t_half/logs/water_hsbd/20260421_141308/residuals/residuals_vs_SlogP_VSA11_water_reduced.png
[2026-04-21 14:16:35]   TPSA: no significant monotonic trend (rho=-0.04, p=0.613); heteroscedastic (Levene p=0.017)
[2026-04-21 14:16:35]   Plot saved: /Users/a/dev/WP3biodegradability/t_half/logs/water_hsbd/20260421_141308/residuals/residuals_vs_TPSA_water_reduced.png
[2026-04-21 14:16:35] 
[2026-04-21 14:16:35] Feature Reduction Recommendations (top-10 permutation features):
[2026-04-21 14:16:35] ----------------------------------------------------------------------
[2026-04-21 14:16:35]   fr_Imine: OK — no systematic trend or heteroscedasticity detected; retain as-is.
[2026-04-21 14:16:35]   EState_VSA7: HETEROSCEDASTIC (Levene p=0.001) — error variance changes across feature range; consider robust scaling or binning.
[2026-04-21 14:16:35]   BCUT2D_MRLOW: OK — no systematic trend or heteroscedasticity detected; retain as-is.
[2026-04-21 14:16:35]   fr_amide: OK — no systematic trend or heteroscedasticity detected; retain as-is.
[2026-04-21 14:16:35]   SlogP_VSA8: OK — no systematic trend or heteroscedasticity detected; retain as-is.
[2026-04-21 14:16:35]   fr_methoxy: OK — no systematic trend or heteroscedasticity detected; retain as-is.
[2026-04-21 14:16:35]   BCUT2D_MWHI: HETEROSCEDASTIC (Levene p=0.002) — error variance changes across feature range; consider robust scaling or binning.
[2026-04-21 14:16:35]   fr_halogen: HETEROSCEDASTIC (Levene p=0.009) — error variance changes across feature range; consider robust scaling or binning.
[2026-04-21 14:16:35]   SlogP_VSA11: OK — no systematic trend or heteroscedasticity detected; retain as-is.
[2026-04-21 14:16:35]   TPSA: HETEROSCEDASTIC (Levene p=0.017) — error variance changes across feature range; consider robust scaling or binning.
[2026-04-21 14:16:35] 
[2026-04-21 14:16:35] 
[2026-04-21 14:16:35] PCA dimensionality estimate: 39 components explain ≥95% variance (out of 144 features).
[2026-04-21 14:16:35] PCA dimensionality estimate: 64 components explain ≥99% variance (out of 144 features).
[2026-04-21 14:16:35] Test coverage inside training bounding box: 100.0%
[2026-04-21 14:16:35] PCA explained variance: PC1=0.146, PC2=0.075
============================================================
[2026-04-21 14:16:35]   Applicability Domain Analysis
============================================================
[2026-04-21 14:16:35] h* threshold : 0.9153
[2026-04-21 14:16:35] Train inside AD : 93.6%
[2026-04-21 14:16:35] Test  inside AD : 72.2%
[2026-04-21 14:16:35] AD-outside test compounds (n=44)
[2026-04-21 14:16:35] Butina clusters: 42, singletons: 40 (90.9%)
============================================================
[2026-04-21 14:16:35]   Chemical Structure Analysis (Sections 1-4)
============================================================
[2026-04-21 14:16:35] Section 1: Scaffold Analysis
[2026-04-21 14:16:35]   Total scaffolds: 45
[2026-04-21 14:16:35]   Singletons: 36
[2026-04-21 14:16:35]   Top scaffold coverage: 38.6%
[2026-04-21 14:16:35]   Dominance flag: False
[2026-04-21 14:16:35]   Scaffolds for 90% coverage: 30
[2026-04-21 14:16:35] Section 2: Substituent Analysis
[2026-04-21 14:16:35]   Error: No R-groups identified
[2026-04-21 14:16:35] Section 3: Fragment Analysis
[2026-04-21 14:16:35]   Total fragments: 290
[2026-04-21 14:16:35]   Unique fragments: 182
[2026-04-21 14:16:35]   Outlier fragments: 0
[2026-04-21 14:16:35] Section 4: Chemistry Consistency Check
[2026-04-21 14:16:35]   Descriptor map entries: 20
[2026-04-21 14:16:35]   Motifs analyzed: 5
[2026-04-21 14:16:35]   Scaffold-driven AD violations: True
[2026-04-21 14:16:35] Chemistry analysis complete. Output: /Users/a/dev/WP3biodegradability/t_half/logs/water_hsbd/20260421_141308/chemistry_analysis
