[2026-04-21 14:12:15] SVR Model and Analysis
============================================================
[2026-04-21 14:12:15]   Preprocessor class
============================================================
[2026-04-21 14:12:15] Dataset X and y shapes before preprocessing: X=308, y=308
[2026-04-21 14:12:15] Columns to drop: ['None']
[2026-04-21 14:12:15] name: AirData
[2026-04-21 14:12:15] remove_outliers: True
[2026-04-21 14:12:15] Dataset X and y shapes after preprocessing: X=292, y_log=292
============================================================
[2026-04-21 14:12:15]   Model section
============================================================
[2026-04-21 14:12:15] Performing 5-fold cross-validation
[2026-04-21 14:12:32] Best hyperparameters from grid search: {'C': 100, 'epsilon': 0.2, 'gamma': 'auto', 'kernel': 'rbf'}
[2026-04-21 14:12:32] 
5-Fold Cross-Validation Results:
[2026-04-21 14:12:32]   R² (CV): 0.7571 (+/- 0.0885)
[2026-04-21 14:12:32]   MSE (CV): 0.1765 (+/- 0.0573)
[2026-04-21 14:12:32]   MAE (CV): 0.3064 (+/- 0.0360)
[2026-04-21 14:12:32] 
============================================================
[2026-04-21 14:12:32] FINAL RESULTS SUMMARY
[2026-04-21 14:12:32] ============================================================
[2026-04-21 14:12:32] Test size: 0.25
[2026-04-21 14:12:32] SVR hyperparameters: {'C': 100, 'epsilon': 0.2, 'gamma': 'auto', 'kernel': 'rbf'}
[2026-04-21 14:12:32] 
Cross-validation performance (5 folds):
[2026-04-21 14:12:32]   R² (CV): 0.7571 (+/- 0.0885)
[2026-04-21 14:12:32] 
Held-out test set performance:
[2026-04-21 14:12:32] {'R2': 0.3550533975508062, 'MAE': 50.03835376458487, 'MSE': 53601.62590895305, 'RMSE': 231.5202494576944, 'Explained Variance': 0.3811211341678068}
[2026-04-21 14:12:32] ============================================================
============================================================
[2026-04-21 14:12:32]   Model Analysis
============================================================
[2026-04-21 14:12:34] Feature importance plot saved to /Users/a/dev/WP3biodegradability/t_half/logs/air_hsbd/20260421_141215/feature_importance_air.png
[2026-04-21 14:12:34] Residuals vs Predicted: no significant monotonic trend (rho=0.13, p=0.281)
[2026-04-21 14:12:34] Residuals vs Predicted plot saved to /Users/a/dev/WP3biodegradability/t_half/logs/air_hsbd/20260421_141215/residuals/residuals_vs_pred_air.png
[2026-04-21 14:12:34] Q-Q plot of residuals saved to /Users/a/dev/WP3biodegradability/t_half/logs/air_hsbd/20260421_141215/residuals/qqplot_residuals_air.png
[2026-04-21 14:12:34] Residual histogram plot saved to /Users/a/dev/WP3biodegradability/t_half/logs/air_hsbd/20260421_141215/residuals/residual_hist_air.png
[2026-04-21 14:12:34]   fr_Ar_N: no significant monotonic trend (rho=0.20, p=0.098); homoscedastic (Levene p=0.166)
[2026-04-21 14:12:34]   Plot saved: /Users/a/dev/WP3biodegradability/t_half/logs/air_hsbd/20260421_141215/residuals/residuals_vs_fr_Ar_N_air.png
[2026-04-21 14:12:34]   fr_ketone: no significant monotonic trend (rho=0.09, p=0.457); homoscedastic (Levene p=0.237)
[2026-04-21 14:12:35]   Plot saved: /Users/a/dev/WP3biodegradability/t_half/logs/air_hsbd/20260421_141215/residuals/residuals_vs_fr_ketone_air.png
[2026-04-21 14:12:35]   MinEStateIndex: no significant monotonic trend (rho=-0.11, p=0.364); heteroscedastic (Levene p=0.016)
[2026-04-21 14:12:35]   Plot saved: /Users/a/dev/WP3biodegradability/t_half/logs/air_hsbd/20260421_141215/residuals/residuals_vs_MinEStateIndex_air.png
[2026-04-21 14:12:35]   SlogP_VSA7: no significant monotonic trend (rho=0.08, p=0.495); heteroscedastic (Levene p=0.036)
[2026-04-21 14:12:35]   Plot saved: /Users/a/dev/WP3biodegradability/t_half/logs/air_hsbd/20260421_141215/residuals/residuals_vs_SlogP_VSA7_air.png
[2026-04-21 14:12:35]   VSA_EState7: no significant monotonic trend (rho=0.00, p=0.990); homoscedastic (Levene p=0.828)
[2026-04-21 14:12:35]   Plot saved: /Users/a/dev/WP3biodegradability/t_half/logs/air_hsbd/20260421_141215/residuals/residuals_vs_VSA_EState7_air.png
[2026-04-21 14:12:35]   SMR_VSA10: no significant monotonic trend (rho=0.13, p=0.258); homoscedastic (Levene p=0.244)
[2026-04-21 14:12:35]   Plot saved: /Users/a/dev/WP3biodegradability/t_half/logs/air_hsbd/20260421_141215/residuals/residuals_vs_SMR_VSA10_air.png
[2026-04-21 14:12:35]   HallKierAlpha: no significant monotonic trend (rho=0.12, p=0.310); heteroscedastic (Levene p=0.003)
[2026-04-21 14:12:35]   Plot saved: /Users/a/dev/WP3biodegradability/t_half/logs/air_hsbd/20260421_141215/residuals/residuals_vs_HallKierAlpha_air.png
[2026-04-21 14:12:35]   NumHeteroatoms: no significant monotonic trend (rho=0.09, p=0.471); homoscedastic (Levene p=0.074)
[2026-04-21 14:12:35]   Plot saved: /Users/a/dev/WP3biodegradability/t_half/logs/air_hsbd/20260421_141215/residuals/residuals_vs_NumHeteroatoms_air.png
[2026-04-21 14:12:35]   fr_ketone_Topliss: no significant monotonic trend (rho=0.09, p=0.457); homoscedastic (Levene p=0.237)
[2026-04-21 14:12:35]   Plot saved: /Users/a/dev/WP3biodegradability/t_half/logs/air_hsbd/20260421_141215/residuals/residuals_vs_fr_ketone_Topliss_air.png
[2026-04-21 14:12:35]   SlogP_VSA4: monotonic negative trend (rho=-0.32, p=0.006); homoscedastic (Levene p=0.250)
[2026-04-21 14:12:35]   Plot saved: /Users/a/dev/WP3biodegradability/t_half/logs/air_hsbd/20260421_141215/residuals/residuals_vs_SlogP_VSA4_air.png
[2026-04-21 14:12:35] 
[2026-04-21 14:12:35] Feature Reduction Recommendations (top-10 permutation features):
[2026-04-21 14:12:35] ----------------------------------------------------------------------
[2026-04-21 14:12:35]   fr_Ar_N: OK — no systematic trend or heteroscedasticity detected; retain as-is.
[2026-04-21 14:12:35]   fr_ketone: OK — no systematic trend or heteroscedasticity detected; retain as-is.
[2026-04-21 14:12:35]   MinEStateIndex: HETEROSCEDASTIC (Levene p=0.016) — error variance changes across feature range; consider robust scaling or binning.
[2026-04-21 14:12:35]   SlogP_VSA7: HETEROSCEDASTIC (Levene p=0.036) — error variance changes across feature range; consider robust scaling or binning.
[2026-04-21 14:12:35]   VSA_EState7: OK — no systematic trend or heteroscedasticity detected; retain as-is.
[2026-04-21 14:12:35]   SMR_VSA10: OK — no systematic trend or heteroscedasticity detected; retain as-is.
[2026-04-21 14:12:35]   HallKierAlpha: HETEROSCEDASTIC (Levene p=0.003) — error variance changes across feature range; consider robust scaling or binning.
[2026-04-21 14:12:35]   NumHeteroatoms: OK — no systematic trend or heteroscedasticity detected; retain as-is.
[2026-04-21 14:12:35]   fr_ketone_Topliss: OK — no systematic trend or heteroscedasticity detected; retain as-is.
[2026-04-21 14:12:35]   SlogP_VSA4: TREND (rho=-0.32) — residuals shift with feature value; model may under-utilise its range. Consider interaction term or kernel/transform.
[2026-04-21 14:12:35] 
[2026-04-21 14:12:35] 
[2026-04-21 14:12:35] PCA dimensionality estimate: 41 components explain ≥95% variance (out of 212 features).
[2026-04-21 14:12:35] PCA dimensionality estimate: 66 components explain ≥99% variance (out of 212 features).
============================================================
[2026-04-21 14:12:35]   Feature Reduction — Strategy Comparison
============================================================
[2026-04-21 14:12:35] Baseline (full feature set, 212 features): R²=0.7514  RMSE=0.4428  MAE=0.3237
[2026-04-21 14:12:35] ----------------------------------------------------------------------
[2026-04-21 14:12:35] Strategy A  top-SVR (importance>0):
  Features selected (150): ['fr_Ar_N', 'fr_ketone', 'MinEStateIndex', 'SlogP_VSA7', 'VSA_EState7', 'SMR_VSA10', 'HallKierAlpha', 'NumHeteroatoms', 'fr_ketone_Topliss', 'SlogP_VSA4', 'NumAromaticHeterocycles', 'PEOE_VSA13', 'PEOE_VSA14', 'MaxPartialCharge', 'FractionCSP3', 'EState_VSA9', 'fr_Ar_COO', 'NumSaturatedCarbocycles', 'VSA_EState9', 'fr_alkyl_halide', 'NumSaturatedRings', 'NumAliphaticCarbocycles', 'PEOE_VSA10', 'BalabanJ', 'PEOE_VSA2', 'EState_VSA6', 'PEOE_VSA9', 'fr_nitro', 'fr_allylic_oxid', 'VSA_EState5', 'SlogP_VSA6', 'fr_NH1', 'EState_VSA2', 'Chi3v', 'MinAbsPartialCharge', 'EState_VSA1', 'NumAliphaticRings', 'MolWt', 'SMR_VSA5', 'EState_VSA7', 'fr_nitro_arom_nonortho', 'fr_nitrile', 'SlogP_VSA5', 'fr_Al_OH', 'VSA_EState4', 'VSA_EState8', 'MolLogP', 'BCUT2D_MRLOW', 'NumRotatableBonds', 'Chi2v', 'NumAromaticCarbocycles', 'SMR_VSA4', 'SMR_VSA3', 'Chi3n', 'fr_unbrch_alkane', 'BCUT2D_MWHI', 'MACCS_099', 'SMR_VSA9', 'PEOE_VSA6', 'fr_COO', 'EState_VSA4', 'EState_VSA5', 'PEOE_VSA7', 'MACCS_155', 'SlogP_VSA8', 'SlogP_VSA1', 'MACCS_103', 'SlogP_VSA2', 'MACCS_123', 'RingCount', 'MACCS_074', 'VSA_EState3', 'MACCS_159', 'fr_NH0', 'MaxEStateIndex', 'EState_VSA10', 'MACCS_107', 'MACCS_034', 'SlogP_VSA10', 'fr_aniline', 'MinAbsEStateIndex', 'MACCS_153', 'MACCS_087', 'SMR_VSA2', 'SMR_VSA7', 'fr_ether', 'fr_aryl_methyl', 'MACCS_157', 'PEOE_VSA11', 'MACCS_062', 'fr_ester', 'MACCS_108', 'MinPartialCharge', 'PEOE_VSA4', 'fr_bicyclic', 'MACCS_165', 'NumAliphaticHeterocycles', 'fr_para_hydroxylation', 'SlogP_VSA11', 'SMR_VSA6', 'fr_NH2', 'BCUT2D_LOGPLOW', 'MACCS_156', 'fr_Imine', 'MACCS_086', 'MACCS_090', 'MACCS_104', 'PEOE_VSA3', 'MACCS_139', 'MACCS_128', 'MACCS_098', 'MACCS_126', 'MACCS_152', 'MACCS_137', 'MACCS_101', 'SMR_VSA1', 'MACCS_160', 'MACCS_119', 'NOCount', 'MACCS_114', 'MACCS_129', 'MACCS_063', 'MACCS_082', 'MACCS_109', 'MACCS_161', 'NumHAcceptors', 'BCUT2D_MWLOW', 'MACCS_162', 'MACCS_151', 'MACCS_133', 'MACCS_113', 'MACCS_163', 'MACCS_112', 'MACCS_024', 'MACCS_124', 'MACCS_049', 'MACCS_091', 'MACCS_125', 'MACCS_146', 'MACCS_122', 'MACCS_096', 'MACCS_158', 'MACCS_127', 'MACCS_066', 'MACCS_089', 'MACCS_095', 'MACCS_142', 'MACCS_144', 'MACCS_076', 'MACCS_043']
  R²=0.7872 (Δ+0.0358)  RMSE=0.4097 (Δ-0.0331)  MAE=0.3017 (Δ-0.0219)
[2026-04-21 14:12:35] Strategy B  top-X (N=150):
  Features selected (150): ['fr_Ar_N', 'fr_ketone', 'MinEStateIndex', 'SlogP_VSA7', 'VSA_EState7', 'SMR_VSA10', 'HallKierAlpha', 'NumHeteroatoms', 'fr_ketone_Topliss', 'SlogP_VSA4', 'NumAromaticHeterocycles', 'PEOE_VSA13', 'PEOE_VSA14', 'MaxPartialCharge', 'FractionCSP3', 'EState_VSA9', 'fr_Ar_COO', 'NumSaturatedCarbocycles', 'VSA_EState9', 'fr_alkyl_halide', 'NumSaturatedRings', 'NumAliphaticCarbocycles', 'PEOE_VSA10', 'BalabanJ', 'PEOE_VSA2', 'EState_VSA6', 'PEOE_VSA9', 'fr_nitro', 'fr_allylic_oxid', 'VSA_EState5', 'SlogP_VSA6', 'fr_NH1', 'EState_VSA2', 'Chi3v', 'MinAbsPartialCharge', 'EState_VSA1', 'NumAliphaticRings', 'MolWt', 'SMR_VSA5', 'EState_VSA7', 'fr_nitro_arom_nonortho', 'fr_nitrile', 'SlogP_VSA5', 'fr_Al_OH', 'VSA_EState4', 'VSA_EState8', 'MolLogP', 'BCUT2D_MRLOW', 'NumRotatableBonds', 'Chi2v', 'NumAromaticCarbocycles', 'SMR_VSA4', 'SMR_VSA3', 'Chi3n', 'fr_unbrch_alkane', 'BCUT2D_MWHI', 'MACCS_099', 'SMR_VSA9', 'PEOE_VSA6', 'fr_COO', 'EState_VSA4', 'EState_VSA5', 'PEOE_VSA7', 'MACCS_155', 'SlogP_VSA8', 'SlogP_VSA1', 'MACCS_103', 'SlogP_VSA2', 'MACCS_123', 'RingCount', 'MACCS_074', 'VSA_EState3', 'MACCS_159', 'fr_NH0', 'MaxEStateIndex', 'EState_VSA10', 'MACCS_107', 'MACCS_034', 'SlogP_VSA10', 'fr_aniline', 'MinAbsEStateIndex', 'MACCS_153', 'MACCS_087', 'SMR_VSA2', 'SMR_VSA7', 'fr_ether', 'fr_aryl_methyl', 'MACCS_157', 'PEOE_VSA11', 'MACCS_062', 'fr_ester', 'MACCS_108', 'MinPartialCharge', 'PEOE_VSA4', 'fr_bicyclic', 'MACCS_165', 'NumAliphaticHeterocycles', 'fr_para_hydroxylation', 'SlogP_VSA11', 'SMR_VSA6', 'fr_NH2', 'BCUT2D_LOGPLOW', 'MACCS_156', 'fr_Imine', 'MACCS_086', 'MACCS_090', 'MACCS_104', 'PEOE_VSA3', 'MACCS_139', 'MACCS_128', 'MACCS_098', 'MACCS_126', 'MACCS_152', 'MACCS_137', 'MACCS_101', 'SMR_VSA1', 'MACCS_160', 'MACCS_119', 'NOCount', 'MACCS_114', 'MACCS_129', 'MACCS_063', 'MACCS_082', 'MACCS_109', 'MACCS_161', 'NumHAcceptors', 'BCUT2D_MWLOW', 'MACCS_162', 'MACCS_151', 'MACCS_133', 'MACCS_113', 'MACCS_163', 'MACCS_112', 'MACCS_024', 'MACCS_124', 'MACCS_049', 'MACCS_091', 'MACCS_125', 'MACCS_146', 'MACCS_122', 'MACCS_096', 'MACCS_158', 'MACCS_127', 'MACCS_066', 'MACCS_089', 'MACCS_095', 'MACCS_142', 'MACCS_144', 'MACCS_076', 'MACCS_043']
  R²=0.7872 (Δ+0.0358)  RMSE=0.4097 (Δ-0.0331)  MAE=0.3017 (Δ-0.0219)
[2026-04-21 14:12:35] Strategy C  top-N pca99 (N=66):
  Features selected (66): ['fr_Ar_N', 'fr_ketone', 'MinEStateIndex', 'SlogP_VSA7', 'VSA_EState7', 'SMR_VSA10', 'HallKierAlpha', 'NumHeteroatoms', 'fr_ketone_Topliss', 'SlogP_VSA4', 'NumAromaticHeterocycles', 'PEOE_VSA13', 'PEOE_VSA14', 'MaxPartialCharge', 'FractionCSP3', 'EState_VSA9', 'fr_Ar_COO', 'NumSaturatedCarbocycles', 'VSA_EState9', 'fr_alkyl_halide', 'NumSaturatedRings', 'NumAliphaticCarbocycles', 'PEOE_VSA10', 'BalabanJ', 'PEOE_VSA2', 'EState_VSA6', 'PEOE_VSA9', 'fr_nitro', 'fr_allylic_oxid', 'VSA_EState5', 'SlogP_VSA6', 'fr_NH1', 'EState_VSA2', 'Chi3v', 'MinAbsPartialCharge', 'EState_VSA1', 'NumAliphaticRings', 'MolWt', 'SMR_VSA5', 'EState_VSA7', 'fr_nitro_arom_nonortho', 'fr_nitrile', 'SlogP_VSA5', 'fr_Al_OH', 'VSA_EState4', 'VSA_EState8', 'MolLogP', 'BCUT2D_MRLOW', 'NumRotatableBonds', 'Chi2v', 'NumAromaticCarbocycles', 'SMR_VSA4', 'SMR_VSA3', 'Chi3n', 'fr_unbrch_alkane', 'BCUT2D_MWHI', 'MACCS_099', 'SMR_VSA9', 'PEOE_VSA6', 'fr_COO', 'EState_VSA4', 'EState_VSA5', 'PEOE_VSA7', 'MACCS_155', 'SlogP_VSA8', 'SlogP_VSA1']
  R²=0.7580 (Δ+0.0066)  RMSE=0.4369 (Δ-0.0059)  MAE=0.3211 (Δ-0.0025)
[2026-04-21 14:12:35] 
[2026-04-21 14:12:35] Strategy D  RFE (LinearSVR selector → RBF SVR evaluator):
[2026-04-21 14:13:02]   RFE selector: LinearSVR, n_features_to_select=150
  Features selected (150): ['MaxEStateIndex', 'MinEStateIndex', 'MinAbsEStateIndex', 'qed', 'NumValenceElectrons', 'MaxPartialCharge', 'MinPartialCharge', 'MinAbsPartialCharge', 'BCUT2D_MWHI', 'BCUT2D_CHGLO', 'BCUT2D_LOGPHI', 'BCUT2D_LOGPLOW', 'BCUT2D_MRHI', 'BCUT2D_MRLOW', 'BalabanJ', 'BertzCT', 'Chi0n', 'Chi2v', 'Chi3v', 'HallKierAlpha', 'Kappa2', 'PEOE_VSA1', 'PEOE_VSA10', 'PEOE_VSA11', 'PEOE_VSA13', 'PEOE_VSA14', 'PEOE_VSA2', 'PEOE_VSA4', 'PEOE_VSA5', 'PEOE_VSA8', 'PEOE_VSA9', 'SMR_VSA1', 'SMR_VSA10', 'SMR_VSA2', 'SMR_VSA3', 'SMR_VSA4', 'SMR_VSA5', 'SMR_VSA6', 'SMR_VSA7', 'SMR_VSA9', 'SlogP_VSA1', 'SlogP_VSA11', 'SlogP_VSA2', 'SlogP_VSA3', 'SlogP_VSA4', 'SlogP_VSA5', 'SlogP_VSA6', 'SlogP_VSA7', 'SlogP_VSA8', 'TPSA', 'EState_VSA1', 'EState_VSA2', 'EState_VSA3', 'EState_VSA4', 'EState_VSA5', 'EState_VSA6', 'EState_VSA8', 'EState_VSA9', 'VSA_EState1', 'VSA_EState2', 'VSA_EState3', 'VSA_EState4', 'VSA_EState5', 'VSA_EState7', 'VSA_EState8', 'FractionCSP3', 'NOCount', 'NumAliphaticCarbocycles', 'NumAliphaticHeterocycles', 'NumAromaticCarbocycles', 'NumAromaticHeterocycles', 'NumHAcceptors', 'NumHDonors', 'NumHeteroatoms', 'NumRotatableBonds', 'NumSaturatedCarbocycles', 'NumSaturatedRings', 'RingCount', 'MolLogP', 'fr_Al_OH', 'fr_ArN', 'fr_Ar_COO', 'fr_C_O', 'fr_C_O_noCOO', 'fr_NH0', 'fr_NH1', 'fr_NH2', 'fr_alkyl_halide', 'fr_allylic_oxid', 'fr_aniline', 'fr_bicyclic', 'fr_ester', 'fr_ether', 'fr_ketone', 'fr_ketone_Topliss', 'fr_nitrile', 'fr_para_hydroxylation', 'fr_sulfide', 'MACCS_021', 'MACCS_054', 'MACCS_062', 'MACCS_066', 'MACCS_074', 'MACCS_076', 'MACCS_082', 'MACCS_086', 'MACCS_088', 'MACCS_089', 'MACCS_090', 'MACCS_092', 'MACCS_093', 'MACCS_095', 'MACCS_096', 'MACCS_098', 'MACCS_099', 'MACCS_101', 'MACCS_104', 'MACCS_106', 'MACCS_107', 'MACCS_108', 'MACCS_110', 'MACCS_112', 'MACCS_113', 'MACCS_114', 'MACCS_115', 'MACCS_116', 'MACCS_118', 'MACCS_120', 'MACCS_123', 'MACCS_125', 'MACCS_126', 'MACCS_127', 'MACCS_129', 'MACCS_131', 'MACCS_132', 'MACCS_136', 'MACCS_138', 'MACCS_139', 'MACCS_141', 'MACCS_144', 'MACCS_149', 'MACCS_152', 'MACCS_153', 'MACCS_155', 'MACCS_156', 'MACCS_157', 'MACCS_159', 'MACCS_160', 'MACCS_161', 'MACCS_165']
  R²=0.7595 (Δ+0.0082)  RMSE=0.4355 (Δ-0.0073)  MAE=0.3186 (Δ-0.0051)
[2026-04-21 14:13:02] 
[2026-04-21 14:13:02] Summary (sorted by R², descending):
[2026-04-21 14:13:02]   Strategy                            N feats       R²     RMSE      MAE
[2026-04-21 14:13:02]   Baseline (all features)                 212   0.7514   0.4428   0.3237
[2026-04-21 14:13:02]   A  top-SVR (importance>0)               150   0.7872   0.4097   0.3017
[2026-04-21 14:13:02]   B  top-X (N=150)                        150   0.7872   0.4097   0.3017
[2026-04-21 14:13:02]   D  RFE (LinearSVR→RBF)                  150   0.7595   0.4355   0.3186
[2026-04-21 14:13:02]   C  top-N pca99 (N=66)                    66   0.7580   0.4369   0.3211
[2026-04-21 14:13:02] 
[2026-04-21 14:13:02] Winner: A  top-SVR (importance>0)  (N=150, R²=0.7872, RMSE=0.4097, MAE=0.3017)
============================================================
[2026-04-21 14:13:02]   Feature Reduction — Final Model
============================================================
[2026-04-21 14:13:02] 
5-Fold Cross-Validation Results:
[2026-04-21 14:13:02]   R² (CV): 0.7628 (+/- 0.0850)
[2026-04-21 14:13:02]   MSE (CV): 0.1722 (+/- 0.0549)
[2026-04-21 14:13:02]   MAE (CV): 0.2946 (+/- 0.0361)
[2026-04-21 14:13:02] Final model CV (5-fold on training set, reduced features):
  R² (CV): 0.7628 (+/- 0.0850)
  RMSE (log10, CV): 0.4150 (+/- 0.2343)
  MAE (CV): 0.2946
[2026-04-21 14:13:02] Final model test set:
  RMSE (log10): 0.4097  MAE (log10): 0.3017
  RMSE (days):  185.39   MAE (days):  36.02
[2026-04-21 14:13:02] Model saved to /Users/a/dev/WP3biodegradability/t_half/models/SVR_air_hsbd_20260421_141302.joblib
[2026-04-21 14:13:02] Parameters saved to /Users/a/dev/WP3biodegradability/t_half/models/SVR_air_hsbd_20260421_141302.json
[2026-04-21 14:13:02] 
Learning Curve Analysis
[2026-04-21 14:13:02] Training sizes evaluated: [23, 46, 69, 93, 116, 139, 163, 186, 209, 233]
[2026-04-21 14:13:02] Final performance with 233 training samples:
[2026-04-21 14:13:02]   Training R²: 0.9638 (+/- 0.0037)
[2026-04-21 14:13:02]   Validation R²: 0.6965 (+/- 0.1379)
[2026-04-21 14:13:02] Interpretation: Curves are still improving - more data may help
[2026-04-21 14:13:02] Learning curve plot saved to /Users/a/dev/WP3biodegradability/t_half/logs/air_hsbd/20260421_141215/learning_curve_air.png
[2026-04-21 14:13:02] Overfitting gap plot saved to /Users/a/dev/WP3biodegradability/t_half/logs/air_hsbd/20260421_141215/overfitting_gap_air.png
[2026-04-21 14:13:02] True vs Predicted plot saved to /Users/a/dev/WP3biodegradability/t_half/logs/air_hsbd/20260421_141215/true_vs_pred_air.png
[2026-04-21 14:13:02] True vs Predicted (≤100) plot saved to /Users/a/dev/WP3biodegradability/t_half/logs/air_hsbd/20260421_141215/true_vs_pred_100_air.png
[2026-04-21 14:13:04] Feature importance plot saved to /Users/a/dev/WP3biodegradability/t_half/logs/air_hsbd/20260421_141215/feature_importance_air_reduced.png
[2026-04-21 14:13:04] Residuals vs Predicted: no significant monotonic trend (rho=0.16, p=0.171)
[2026-04-21 14:13:04] Residuals vs Predicted plot saved to /Users/a/dev/WP3biodegradability/t_half/logs/air_hsbd/20260421_141215/residuals/residuals_vs_pred_air_reduced.png
[2026-04-21 14:13:04] Q-Q plot of residuals saved to /Users/a/dev/WP3biodegradability/t_half/logs/air_hsbd/20260421_141215/residuals/qqplot_residuals_air_reduced.png
[2026-04-21 14:13:04] Residual histogram plot saved to /Users/a/dev/WP3biodegradability/t_half/logs/air_hsbd/20260421_141215/residuals/residual_hist_air_reduced.png
[2026-04-21 14:13:04]   fr_Ar_N: no significant monotonic trend (rho=0.20, p=0.085); homoscedastic (Levene p=0.174)
[2026-04-21 14:13:04]   Plot saved: /Users/a/dev/WP3biodegradability/t_half/logs/air_hsbd/20260421_141215/residuals/residuals_vs_fr_Ar_N_air_reduced.png
[2026-04-21 14:13:04]   fr_ketone: no significant monotonic trend (rho=0.13, p=0.269); homoscedastic (Levene p=0.224)
[2026-04-21 14:13:04]   Plot saved: /Users/a/dev/WP3biodegradability/t_half/logs/air_hsbd/20260421_141215/residuals/residuals_vs_fr_ketone_air_reduced.png
[2026-04-21 14:13:04]   MinEStateIndex: no significant monotonic trend (rho=-0.07, p=0.533); homoscedastic (Levene p=0.119)
[2026-04-21 14:13:04]   Plot saved: /Users/a/dev/WP3biodegradability/t_half/logs/air_hsbd/20260421_141215/residuals/residuals_vs_MinEStateIndex_air_reduced.png
[2026-04-21 14:13:04]   EState_VSA2: no significant monotonic trend (rho=0.11, p=0.369); heteroscedastic (Levene p=0.032)
[2026-04-21 14:13:04]   Plot saved: /Users/a/dev/WP3biodegradability/t_half/logs/air_hsbd/20260421_141215/residuals/residuals_vs_EState_VSA2_air_reduced.png
[2026-04-21 14:13:04]   SlogP_VSA7: no significant monotonic trend (rho=0.17, p=0.144); heteroscedastic (Levene p=0.037)
[2026-04-21 14:13:04]   Plot saved: /Users/a/dev/WP3biodegradability/t_half/logs/air_hsbd/20260421_141215/residuals/residuals_vs_SlogP_VSA7_air_reduced.png
[2026-04-21 14:13:04]   PEOE_VSA13: no significant monotonic trend (rho=0.14, p=0.231); homoscedastic (Levene p=0.491)
[2026-04-21 14:13:04]   Plot saved: /Users/a/dev/WP3biodegradability/t_half/logs/air_hsbd/20260421_141215/residuals/residuals_vs_PEOE_VSA13_air_reduced.png
[2026-04-21 14:13:04]   VSA_EState7: no significant monotonic trend (rho=-0.03, p=0.820); homoscedastic (Levene p=0.826)
[2026-04-21 14:13:04]   Plot saved: /Users/a/dev/WP3biodegradability/t_half/logs/air_hsbd/20260421_141215/residuals/residuals_vs_VSA_EState7_air_reduced.png
[2026-04-21 14:13:04]   PEOE_VSA9: no significant monotonic trend (rho=-0.07, p=0.549); homoscedastic (Levene p=0.560)
[2026-04-21 14:13:04]   Plot saved: /Users/a/dev/WP3biodegradability/t_half/logs/air_hsbd/20260421_141215/residuals/residuals_vs_PEOE_VSA9_air_reduced.png
[2026-04-21 14:13:04]   HallKierAlpha: no significant monotonic trend (rho=0.08, p=0.515); heteroscedastic (Levene p=0.038)
[2026-04-21 14:13:04]   Plot saved: /Users/a/dev/WP3biodegradability/t_half/logs/air_hsbd/20260421_141215/residuals/residuals_vs_HallKierAlpha_air_reduced.png
[2026-04-21 14:13:04]   PEOE_VSA2: no significant monotonic trend (rho=0.21, p=0.075); homoscedastic (Levene p=0.571)
[2026-04-21 14:13:04]   Plot saved: /Users/a/dev/WP3biodegradability/t_half/logs/air_hsbd/20260421_141215/residuals/residuals_vs_PEOE_VSA2_air_reduced.png
[2026-04-21 14:13:04] 
[2026-04-21 14:13:04] Feature Reduction Recommendations (top-10 permutation features):
[2026-04-21 14:13:04] ----------------------------------------------------------------------
[2026-04-21 14:13:04]   fr_Ar_N: OK — no systematic trend or heteroscedasticity detected; retain as-is.
[2026-04-21 14:13:04]   fr_ketone: OK — no systematic trend or heteroscedasticity detected; retain as-is.
[2026-04-21 14:13:04]   MinEStateIndex: OK — no systematic trend or heteroscedasticity detected; retain as-is.
[2026-04-21 14:13:04]   EState_VSA2: HETEROSCEDASTIC (Levene p=0.032) — error variance changes across feature range; consider robust scaling or binning.
[2026-04-21 14:13:04]   SlogP_VSA7: HETEROSCEDASTIC (Levene p=0.037) — error variance changes across feature range; consider robust scaling or binning.
[2026-04-21 14:13:04]   PEOE_VSA13: OK — no systematic trend or heteroscedasticity detected; retain as-is.
[2026-04-21 14:13:04]   VSA_EState7: OK — no systematic trend or heteroscedasticity detected; retain as-is.
[2026-04-21 14:13:04]   PEOE_VSA9: OK — no systematic trend or heteroscedasticity detected; retain as-is.
[2026-04-21 14:13:04]   HallKierAlpha: HETEROSCEDASTIC (Levene p=0.038) — error variance changes across feature range; consider robust scaling or binning.
[2026-04-21 14:13:04]   PEOE_VSA2: OK — no systematic trend or heteroscedasticity detected; retain as-is.
[2026-04-21 14:13:04] 
[2026-04-21 14:13:04] 
[2026-04-21 14:13:04] PCA dimensionality estimate: 36 components explain ≥95% variance (out of 150 features).
[2026-04-21 14:13:04] PCA dimensionality estimate: 59 components explain ≥99% variance (out of 150 features).
[2026-04-21 14:13:04] Test coverage inside training bounding box: 94.5%
[2026-04-21 14:13:04] PCA explained variance: PC1=0.150, PC2=0.111
============================================================
[2026-04-21 14:13:05]   Applicability Domain Analysis
============================================================
[2026-04-21 14:13:05] h* threshold : 2.0548
[2026-04-21 14:13:05] Train inside AD : 100.0%
[2026-04-21 14:13:05] Test  inside AD : 52.1%
[2026-04-21 14:13:05] AD-outside test compounds (n=35)
[2026-04-21 14:13:05] Butina clusters: 30, singletons: 25 (71.4%)
============================================================
[2026-04-21 14:13:05]   Chemical Structure Analysis (Sections 1-4)
============================================================
[2026-04-21 14:13:05] Section 1: Scaffold Analysis
[2026-04-21 14:13:05]   Total scaffolds: 13
[2026-04-21 14:13:05]   Singletons: 7
[2026-04-21 14:13:05]   Top scaffold coverage: 39.7%
[2026-04-21 14:13:05]   Dominance flag: False
[2026-04-21 14:13:05]   Scaffolds for 90% coverage: 6
[2026-04-21 14:13:05] Section 2: Substituent Analysis
[2026-04-21 14:13:05]   Error: No R-groups identified
[2026-04-21 14:13:05] Section 3: Fragment Analysis
[2026-04-21 14:13:05]   Total fragments: 105
[2026-04-21 14:13:05]   Unique fragments: 81
[2026-04-21 14:13:05]   Outlier fragments: 1
[2026-04-21 14:13:05] Section 4: Chemistry Consistency Check
[2026-04-21 14:13:05]   Descriptor map entries: 20
[2026-04-21 14:13:05]   Motifs analyzed: 5
[2026-04-21 14:13:05]   Scaffold-driven AD violations: True
[2026-04-21 14:13:05] Chemistry analysis complete. Output: /Users/a/dev/WP3biodegradability/t_half/logs/air_hsbd/20260421_141215/chemistry_analysis
