[2026-05-16 14:58:24] INFO     soil_hsbd — 
======================================================================
  Interval-Aware SVR — SOIL / hsbd
======================================================================
[2026-05-16 14:58:24] INFO     soil_hsbd — Database: /Users/a/dev/WP3bioddeg_V2/processed_data/hsbd_t_half_all.db
[2026-05-16 14:58:24] INFO     soil_hsbd — Raw dataset: 672 rows
[2026-05-16 14:58:25] INFO     soil_hsbd — Interval mapping table saved to /Users/a/dev/WP3bioddeg_V2/logs/soil_hsbd/20260516_145824/interval_table_soil.csv
[2026-05-16 14:58:25] INFO     soil_hsbd — 
======================================================================
  Model Training
======================================================================
[2026-05-16 15:03:54] INFO     soil_hsbd — 5-fold CV on training set: R²=0.4837 (±0.0593)  RMSE(log10)=0.6226  RMSE(days-geom)=4.19×
[2026-05-16 15:03:54] INFO     soil_hsbd — 
======================================================================
  Interval Evaluation — Test Set
======================================================================
[2026-05-16 15:03:54] INFO     soil_hsbd —   [test]  Interval coverage probability : 0.204 (32/157)
[2026-05-16 15:03:54] INFO     soil_hsbd —   [test]  Mean interval loss            : 0.6093 log10 days  (~4.07 days geom. equiv.)
[2026-05-16 15:03:54] INFO     soil_hsbd —   [test]  Class accuracy                : 0.204
[2026-05-16 15:03:54] INFO     soil_hsbd —   [test]  Spearman rho                  : 0.533  (p=0.0000)
[2026-05-16 15:03:54] INFO     soil_hsbd —   [test]  Kendall tau                   : 0.398  (p=0.0000)
[2026-05-16 15:03:54] INFO     soil_hsbd — 
======================================================================
  Interval Evaluation — Train Set (reference)
======================================================================
[2026-05-16 15:03:54] INFO     soil_hsbd —   [train] Interval coverage probability : 0.221 (104/471)
[2026-05-16 15:03:54] INFO     soil_hsbd —   [train] Mean interval loss            : 0.5202 log10 days  (~3.31 days geom. equiv.)
[2026-05-16 15:03:54] INFO     soil_hsbd —   [train] Class accuracy                : 0.221
[2026-05-16 15:03:54] INFO     soil_hsbd —   [train] Spearman rho                  : 0.868  (p=0.0000)
[2026-05-16 15:03:54] INFO     soil_hsbd —   [train] Kendall tau                   : 0.732  (p=0.0000)
[2026-05-16 15:03:54] INFO     soil_hsbd — 
======================================================================
  Feature Analysis
======================================================================
[2026-05-16 15:04:12] INFO     soil_hsbd — PCA dimensionality: 71 components ≥95%, 119 components ≥99% (of 281 total).
[2026-05-16 15:04:12] INFO     soil_hsbd — 
======================================================================
  Feature Reduction
======================================================================
[2026-05-16 15:04:12] INFO     soil_hsbd —   [A  top-SVR (importance>0)] Interval coverage probability : 0.185 (29/157)
[2026-05-16 15:04:12] INFO     soil_hsbd —   [A  top-SVR (importance>0)] Mean interval loss            : 0.5961 log10 days  (~3.95 days geom. equiv.)
[2026-05-16 15:04:12] INFO     soil_hsbd —   [A  top-SVR (importance>0)] Class accuracy                : 0.185
[2026-05-16 15:04:12] INFO     soil_hsbd —   [A  top-SVR (importance>0)] Spearman rho                  : 0.672  (p=0.0000)
[2026-05-16 15:04:12] INFO     soil_hsbd —   [A  top-SVR (importance>0)] Kendall tau                   : 0.502  (p=0.0000)
[2026-05-16 15:04:12] INFO     soil_hsbd — Strategy A  top-SVR (importance>0): n=147  coverage=0.185  MIL=0.5961  rho=0.672
[2026-05-16 15:04:12] INFO     soil_hsbd —   [B  top-X (N=147)] Interval coverage probability : 0.185 (29/157)
[2026-05-16 15:04:12] INFO     soil_hsbd —   [B  top-X (N=147)] Mean interval loss            : 0.5961 log10 days  (~3.95 days geom. equiv.)
[2026-05-16 15:04:12] INFO     soil_hsbd —   [B  top-X (N=147)] Class accuracy                : 0.185
[2026-05-16 15:04:12] INFO     soil_hsbd —   [B  top-X (N=147)] Spearman rho                  : 0.672  (p=0.0000)
[2026-05-16 15:04:12] INFO     soil_hsbd —   [B  top-X (N=147)] Kendall tau                   : 0.502  (p=0.0000)
[2026-05-16 15:04:12] INFO     soil_hsbd — Strategy B  top-X (N=147): n=147  coverage=0.185  MIL=0.5961  rho=0.672
[2026-05-16 15:04:12] INFO     soil_hsbd —   [C  top-N pca99 (N=119)] Interval coverage probability : 0.178 (28/157)
[2026-05-16 15:04:12] INFO     soil_hsbd —   [C  top-N pca99 (N=119)] Mean interval loss            : 0.5979 log10 days  (~3.96 days geom. equiv.)
[2026-05-16 15:04:12] INFO     soil_hsbd —   [C  top-N pca99 (N=119)] Class accuracy                : 0.178
[2026-05-16 15:04:12] INFO     soil_hsbd —   [C  top-N pca99 (N=119)] Spearman rho                  : 0.661  (p=0.0000)
[2026-05-16 15:04:12] INFO     soil_hsbd —   [C  top-N pca99 (N=119)] Kendall tau                   : 0.492  (p=0.0000)
[2026-05-16 15:04:12] INFO     soil_hsbd — Strategy C  top-N pca99 (N=119): n=119  coverage=0.178  MIL=0.5979  rho=0.661
[2026-05-16 15:05:59] INFO     soil_hsbd —   [D  RFE (LinearSVR→RBF)] Interval coverage probability : 0.217 (34/157)
[2026-05-16 15:05:59] INFO     soil_hsbd —   [D  RFE (LinearSVR→RBF)] Mean interval loss            : 0.6025 log10 days  (~4.00 days geom. equiv.)
[2026-05-16 15:05:59] INFO     soil_hsbd —   [D  RFE (LinearSVR→RBF)] Class accuracy                : 0.217
[2026-05-16 15:05:59] INFO     soil_hsbd —   [D  RFE (LinearSVR→RBF)] Spearman rho                  : 0.531  (p=0.0000)
[2026-05-16 15:05:59] INFO     soil_hsbd —   [D  RFE (LinearSVR→RBF)] Kendall tau                   : 0.394  (p=0.0000)
[2026-05-16 15:05:59] INFO     soil_hsbd — Winner: D  RFE (LinearSVR→RBF)  (n=147, coverage=0.217, rho=0.531)
[2026-05-16 15:05:59] INFO     soil_hsbd — 
======================================================================
  Feature Reduction — Final Model
======================================================================
[2026-05-16 15:05:59] INFO     soil_hsbd — 5-fold CV on training set: R²=0.4882 (±0.0492)  RMSE(log10)=0.6193  RMSE(days-geom)=4.16×
[2026-05-16 15:05:59] INFO     soil_hsbd — 
======================================================================
  Final Model — Interval Evaluation
======================================================================
[2026-05-16 15:05:59] INFO     soil_hsbd —   [final] Interval coverage probability : 0.217 (34/157)
[2026-05-16 15:05:59] INFO     soil_hsbd —   [final] Mean interval loss            : 0.6025 log10 days  (~4.00 days geom. equiv.)
[2026-05-16 15:05:59] INFO     soil_hsbd —   [final] Class accuracy                : 0.217
[2026-05-16 15:05:59] INFO     soil_hsbd —   [final] Spearman rho                  : 0.531  (p=0.0000)
[2026-05-16 15:05:59] INFO     soil_hsbd —   [final] Kendall tau                   : 0.394  (p=0.0000)
[2026-05-16 15:05:59] INFO     soil_hsbd — Model saved to models/SVR_soil_hsbd_20260516_145824.joblib
[2026-05-16 15:05:59] INFO     soil_hsbd — Parameters saved to models/SVR_soil_hsbd_20260516_145824.json
[2026-05-16 15:05:59] INFO     soil_hsbd — 
======================================================================
  Learning Curve
======================================================================
[2026-05-16 15:05:59] INFO     soil_hsbd — Learning curve val R² (final): 0.4157 ± 0.1981
[2026-05-16 15:06:00] INFO     soil_hsbd — Basic diagnostic plots written to /Users/a/dev/WP3bioddeg_V2/logs/soil_hsbd/20260516_145824
[2026-05-16 15:06:00] INFO     soil_hsbd — 
======================================================================
  Feature Analysis (reduced)
======================================================================
[2026-05-16 15:06:06] INFO     soil_hsbd — PCA dimensionality: 49 components ≥95%, 84 components ≥99% (of 147 total).
[2026-05-16 15:06:06] INFO     soil_hsbd — 
======================================================================
  Applicability Domain
======================================================================
[2026-05-16 15:06:06] INFO     soil_hsbd — PCA coverage: 100.0%
[2026-05-16 15:06:06] INFO     soil_hsbd — AD-outside test compounds: 123
[2026-05-16 15:06:06] INFO     soil_hsbd — Training split CSV saved to models/training_split_soil_hsbd_20260516_145824.csv
[2026-05-16 15:06:06] INFO     soil_hsbd — T_half meta columns saved to models/t_half_meta_soil_hsbd_20260516_145824.csv
[2026-05-16 15:06:06] INFO     soil_hsbd — AD artefact saved to models/SVR_soil_hsbd_20260516_145824_ad.npz
[2026-05-16 15:06:06] INFO     soil_hsbd — AD membership CSV saved to /Users/a/dev/WP3bioddeg_V2/logs/soil_hsbd/20260516_145824/ad_membership_soil.csv
[2026-05-16 15:06:06] INFO     soil_hsbd — Model JSON patched with artefact paths.
[2026-05-16 15:06:06] INFO     soil_hsbd — 
======================================================================
  Run complete
======================================================================
[2026-05-16 15:06:06] INFO     soil_hsbd — All outputs in /Users/a/dev/WP3bioddeg_V2/logs/soil_hsbd/20260516_145824
